#
# There is insufficient memory for the Java Runtime Environment to continue.
# Native memory allocation (malloc) failed to allocate 468880 bytes for Chunk::new
# Possible reasons:
#   The system is out of physical RAM or swap space
#   The process is running with CompressedOops enabled, and the Java Heap may be blocking the growth of the native heap
# Possible solutions:
#   Reduce memory load on the system
#   Increase physical memory or swap space
#   Check if swap backing store is full
#   Decrease Java heap size (-Xmx/-Xms)
#   Decrease number of Java threads
#   Decrease Java thread stack sizes (-Xss)
#   Set larger code cache with -XX:ReservedCodeCacheSize=
#   JVM is running with Unscaled Compressed Oops mode in which the Java heap is
#     placed in the first 4GB address space. The Java Heap base address is the
#     maximum limit for the native heap growth. Please use -XX:HeapBaseMinAddress
#     to set the Java Heap base and to place the Java Heap above 4GB virtual address.
# This output file may be truncated or incomplete.
#
#  Out of Memory Error (arena.cpp:184), pid=14168, tid=25132
#
# JRE version: Java(TM) SE Runtime Environment (19.0.1+10) (build 19.0.1+10-21)
# Java VM: Java HotSpot(TM) 64-Bit Server VM (19.0.1+10-21, mixed mode, sharing, tiered, compressed oops, compressed class ptrs, g1 gc, windows-amd64)
# No core dump will be written. Minidumps are not enabled by default on client versions of Windows
#

---------------  S U M M A R Y ------------

Command Line: -Xmx64m -Xms64m -Dorg.gradle.appname=gradlew org.gradle.wrapper.GradleWrapperMain tasks

Host: Intel(R) Core(TM) i5-3470 CPU @ 3.20GHz, 4 cores, 7G,  Windows 10 , 64 bit Build 19041 (10.0.19041.3636)
Time: Sun Jan 28 22:18:21 2024 Pakistan Standard Time elapsed time: 866.637200 seconds (0d 0h 14m 26s)

---------------  T H R E A D  ---------------

Current thread (0x00000233bbbf1340):  JavaThread "C2 CompilerThread0" daemon [_thread_in_native, id=25132, stack(0x000000761b600000,0x000000761b700000)]


Current CompileTask:
C2: 866637 1634   !   4       java.util.concurrent.ScheduledThreadPoolExecutor$DelayedWorkQueue::take (203 bytes)

Stack: [0x000000761b600000,0x000000761b700000]
Native frames: (J=compiled Java code, j=interpreted, Vv=VM code, C=native code)
V  [jvm.dll+0x6ee8fa]
V  [jvm.dll+0x857a1e]
V  [jvm.dll+0x85940e]
V  [jvm.dll+0x859ac3]
V  [jvm.dll+0x28291f]
V  [jvm.dll+0xc9b5f]
V  [jvm.dll+0xc9ee5]
V  [jvm.dll+0x3bcbac]
V  [jvm.dll+0x386201]
V  [jvm.dll+0x38567a]
V  [jvm.dll+0x24c2c9]
V  [jvm.dll+0x24b671]
V  [jvm.dll+0x1d6d61]
V  [jvm.dll+0x25b0fa]
V  [jvm.dll+0x259588]
V  [jvm.dll+0x807928]
V  [jvm.dll+0x8015fa]
V  [jvm.dll+0x6ed5eb]
C  [ucrtbase.dll+0x21bb2]
C  [KERNEL32.DLL+0x17344]
C  [ntdll.dll+0x526b1]


---------------  P R O C E S S  ---------------

Threads class SMR info:
_java_thread_list=0x00000233db9f6460, length=12, elements={
0x00000233bbb38400, 0x00000233bbbe9a10, 0x00000233bbbea9a0, 0x00000233bbbeb930,
0x00000233bbbed470, 0x00000233bbbefdb0, 0x00000233bbbf06e0, 0x00000233bbbf1340,
0x00000233bbbf3030, 0x00000233d70db2c0, 0x00000233db44e030, 0x00000233db455e00
}

Java Threads: ( => current thread )
  0x00000233bbb38400 JavaThread "main" [_thread_blocked, id=18180, stack(0x000000761a900000,0x000000761aa00000)]
  0x00000233bbbe9a10 JavaThread "Reference Handler" daemon [_thread_blocked, id=25108, stack(0x000000761b000000,0x000000761b100000)]
  0x00000233bbbea9a0 JavaThread "Finalizer" daemon [_thread_blocked, id=25112, stack(0x000000761b100000,0x000000761b200000)]
  0x00000233bbbeb930 JavaThread "Signal Dispatcher" daemon [_thread_blocked, id=25116, stack(0x000000761b200000,0x000000761b300000)]
  0x00000233bbbed470 JavaThread "Attach Listener" daemon [_thread_blocked, id=25120, stack(0x000000761b300000,0x000000761b400000)]
  0x00000233bbbefdb0 JavaThread "Service Thread" daemon [_thread_blocked, id=25124, stack(0x000000761b400000,0x000000761b500000)]
  0x00000233bbbf06e0 JavaThread "Monitor Deflation Thread" daemon [_thread_blocked, id=25128, stack(0x000000761b500000,0x000000761b600000)]
=>0x00000233bbbf1340 JavaThread "C2 CompilerThread0" daemon [_thread_in_native, id=25132, stack(0x000000761b600000,0x000000761b700000)]
  0x00000233bbbf3030 JavaThread "C1 CompilerThread0" daemon [_thread_blocked, id=25164, stack(0x000000761b700000,0x000000761b800000)]
  0x00000233d70db2c0 JavaThread "Sweeper thread" daemon [_thread_blocked, id=25420, stack(0x000000761b800000,0x000000761b900000)]
  0x00000233db44e030 JavaThread "Notification Thread" daemon [_thread_blocked, id=25464, stack(0x000000761b900000,0x000000761ba00000)]
  0x00000233db455e00 JavaThread "Common-Cleaner" daemon [_thread_blocked, id=25544, stack(0x000000761bb00000,0x000000761bc00000)]

Other Threads:
  0x00000233bbbcd7d0 VMThread "VM Thread" [stack: 0x000000761af00000,0x000000761b000000] [id=23964]
  0x00000233db454990 WatcherThread "VM Periodic Task Thread" [stack: 0x000000761ba00000,0x000000761bb00000] [id=25540]
  0x00000233bbb5bfb0 WorkerThread "GC Thread#0" [stack: 0x000000761aa00000,0x000000761ab00000] [id=23916]
  0x00000233db542400 WorkerThread "GC Thread#1" [stack: 0x000000761a600000,0x000000761a700000] [id=13288]
  0x00000233d7148690 WorkerThread "GC Thread#2" [stack: 0x000000761a700000,0x000000761a800000] [id=26352]
  0x00000233db782ca0 WorkerThread "GC Thread#3" [stack: 0x000000761a800000,0x000000761a900000] [id=26360]
  0x00000233bbb5e720 ConcurrentGCThread "G1 Main Marker" [stack: 0x000000761ab00000,0x000000761ac00000] [id=23920]
  0x00000233bbb5f150 WorkerThread "G1 Conc#0" [stack: 0x000000761ac00000,0x000000761ad00000] [id=23924]
  0x00000233bbbb17d0 ConcurrentGCThread "G1 Refine#0" [stack: 0x000000761ad00000,0x000000761ae00000] [id=23928]
  0x00000233bbbb2320 ConcurrentGCThread "G1 Service" [stack: 0x000000761ae00000,0x000000761af00000] [id=23932]

Threads with active compile tasks:
C2 CompilerThread0   871239 1634   !   4       java.util.concurrent.ScheduledThreadPoolExecutor$DelayedWorkQueue::take (203 bytes)

VM state: not at safepoint (normal execution)

VM Mutex/Monitor currently owned by a thread: None

Heap address: 0x00000000fc000000, size: 64 MB, Compressed Oops mode: 32-bit

CDS archive(s) mapped at: [0x0000000800000000-0x0000000800c40000-0x0000000800c40000), size 12845056, SharedBaseAddress: 0x0000000800000000, ArchiveRelocationMode: 0.
Compressed class space mapped at: 0x0000000801000000-0x0000000841000000, reserved size: 1073741824
Narrow klass base: 0x0000000800000000, Narrow klass shift: 0, Narrow klass range: 0x100000000

GC Precious Log:
 CardTable entry size: 512
 Card Set container configuration: InlinePtr #cards 5 size 8 Array Of Cards #cards 12 size 40 Howl #buckets 4 coarsen threshold 1843 Howl Bitmap #cards 512 size 80 coarsen threshold 460 Card regions per heap region 1 cards per card region 2048
 CPUs: 4 total, 4 available
 Memory: 8010M
 Large Page Support: Disabled
 NUMA Support: Disabled
 Compressed Oops: Enabled (32-bit)
 Heap Region Size: 1M
 Heap Min Capacity: 64M
 Heap Initial Capacity: 64M
 Heap Max Capacity: 64M
 Pre-touch: Disabled
 Parallel Workers: 4
 Concurrent Workers: 1
 Concurrent Refinement Workers: 4
 Periodic GC: Disabled

Heap:
 garbage-first heap   total 65536K, used 23606K [0x00000000fc000000, 0x0000000100000000)
  region size 1024K, 16 young (16384K), 3 survivors (3072K)
 Metaspace       used 9259K, committed 9600K, reserved 1114112K
  class space    used 1179K, committed 1344K, reserved 1048576K

Heap Regions: E=young(eden), S=young(survivor), O=old, HS=humongous(starts), HC=humongous(continues), CS=collection set, F=free, OA=open archive, CA=closed archive, TAMS=top-at-mark-start (previous, next)
|   0|0x00000000fc000000, 0x00000000fc100000, 0x00000000fc100000|100%| O|  |TAMS 0x00000000fc000000, 0x00000000fc000000| Untracked 
|   1|0x00000000fc100000, 0x00000000fc200000, 0x00000000fc200000|100%| O|  |TAMS 0x00000000fc100000, 0x00000000fc100000| Untracked 
|   2|0x00000000fc200000, 0x00000000fc300000, 0x00000000fc300000|100%|HS|  |TAMS 0x00000000fc200000, 0x00000000fc200000| Complete 
|   3|0x00000000fc300000, 0x00000000fc400000, 0x00000000fc400000|100%|HC|  |TAMS 0x00000000fc300000, 0x00000000fc300000| Complete 
|   4|0x00000000fc400000, 0x00000000fc500000, 0x00000000fc500000|100%|HC|  |TAMS 0x00000000fc400000, 0x00000000fc400000| Complete 
|   5|0x00000000fc500000, 0x00000000fc600000, 0x00000000fc600000|100%|HC|  |TAMS 0x00000000fc500000, 0x00000000fc500000| Complete 
|   6|0x00000000fc600000, 0x00000000fc700000, 0x00000000fc700000|100%| O|  |TAMS 0x00000000fc600000, 0x00000000fc600000| Untracked 
|   7|0x00000000fc700000, 0x00000000fc800000, 0x00000000fc800000|100%| O|  |TAMS 0x00000000fc700000, 0x00000000fc700000| Untracked 
|   8|0x00000000fc800000, 0x00000000fc80d800, 0x00000000fc900000|  5%| O|  |TAMS 0x00000000fc800000, 0x00000000fc800000| Untracked 
|   9|0x00000000fc900000, 0x00000000fc900000, 0x00000000fca00000|  0%| F|  |TAMS 0x00000000fc900000, 0x00000000fc900000| Untracked 
|  10|0x00000000fca00000, 0x00000000fca00000, 0x00000000fcb00000|  0%| F|  |TAMS 0x00000000fca00000, 0x00000000fca00000| Untracked 
|  11|0x00000000fcb00000, 0x00000000fcb00000, 0x00000000fcc00000|  0%| F|  |TAMS 0x00000000fcb00000, 0x00000000fcb00000| Untracked 
|  12|0x00000000fcc00000, 0x00000000fcc00000, 0x00000000fcd00000|  0%| F|  |TAMS 0x00000000fcc00000, 0x00000000fcc00000| Untracked 
|  13|0x00000000fcd00000, 0x00000000fcd00000, 0x00000000fce00000|  0%| F|  |TAMS 0x00000000fcd00000, 0x00000000fcd00000| Untracked 
|  14|0x00000000fce00000, 0x00000000fce00000, 0x00000000fcf00000|  0%| F|  |TAMS 0x00000000fce00000, 0x00000000fce00000| Untracked 
|  15|0x00000000fcf00000, 0x00000000fcf00000, 0x00000000fd000000|  0%| F|  |TAMS 0x00000000fcf00000, 0x00000000fcf00000| Untracked 
|  16|0x00000000fd000000, 0x00000000fd000000, 0x00000000fd100000|  0%| F|  |TAMS 0x00000000fd000000, 0x00000000fd000000| Untracked 
|  17|0x00000000fd100000, 0x00000000fd100000, 0x00000000fd200000|  0%| F|  |TAMS 0x00000000fd100000, 0x00000000fd100000| Untracked 
|  18|0x00000000fd200000, 0x00000000fd200000, 0x00000000fd300000|  0%| F|  |TAMS 0x00000000fd200000, 0x00000000fd200000| Untracked 
|  19|0x00000000fd300000, 0x00000000fd300000, 0x00000000fd400000|  0%| F|  |TAMS 0x00000000fd300000, 0x00000000fd300000| Untracked 
|  20|0x00000000fd400000, 0x00000000fd400000, 0x00000000fd500000|  0%| F|  |TAMS 0x00000000fd400000, 0x00000000fd400000| Untracked 
|  21|0x00000000fd500000, 0x00000000fd500000, 0x00000000fd600000|  0%| F|  |TAMS 0x00000000fd500000, 0x00000000fd500000| Untracked 
|  22|0x00000000fd600000, 0x00000000fd600000, 0x00000000fd700000|  0%| F|  |TAMS 0x00000000fd600000, 0x00000000fd600000| Untracked 
|  23|0x00000000fd700000, 0x00000000fd700000, 0x00000000fd800000|  0%| F|  |TAMS 0x00000000fd700000, 0x00000000fd700000| Untracked 
|  24|0x00000000fd800000, 0x00000000fd800000, 0x00000000fd900000|  0%| F|  |TAMS 0x00000000fd800000, 0x00000000fd800000| Untracked 
|  25|0x00000000fd900000, 0x00000000fd900000, 0x00000000fda00000|  0%| F|  |TAMS 0x00000000fd900000, 0x00000000fd900000| Untracked 
|  26|0x00000000fda00000, 0x00000000fda00000, 0x00000000fdb00000|  0%| F|  |TAMS 0x00000000fda00000, 0x00000000fda00000| Untracked 
|  27|0x00000000fdb00000, 0x00000000fdb00000, 0x00000000fdc00000|  0%| F|  |TAMS 0x00000000fdb00000, 0x00000000fdb00000| Untracked 
|  28|0x00000000fdc00000, 0x00000000fdc00000, 0x00000000fdd00000|  0%| F|  |TAMS 0x00000000fdc00000, 0x00000000fdc00000| Untracked 
|  29|0x00000000fdd00000, 0x00000000fdd00000, 0x00000000fde00000|  0%| F|  |TAMS 0x00000000fdd00000, 0x00000000fdd00000| Untracked 
|  30|0x00000000fde00000, 0x00000000fde00000, 0x00000000fdf00000|  0%| F|  |TAMS 0x00000000fde00000, 0x00000000fde00000| Untracked 
|  31|0x00000000fdf00000, 0x00000000fdf00000, 0x00000000fe000000|  0%| F|  |TAMS 0x00000000fdf00000, 0x00000000fdf00000| Untracked 
|  32|0x00000000fe000000, 0x00000000fe000000, 0x00000000fe100000|  0%| F|  |TAMS 0x00000000fe000000, 0x00000000fe000000| Untracked 
|  33|0x00000000fe100000, 0x00000000fe100000, 0x00000000fe200000|  0%| F|  |TAMS 0x00000000fe100000, 0x00000000fe100000| Untracked 
|  34|0x00000000fe200000, 0x00000000fe200000, 0x00000000fe300000|  0%| F|  |TAMS 0x00000000fe200000, 0x00000000fe200000| Untracked 
|  35|0x00000000fe300000, 0x00000000fe300000, 0x00000000fe400000|  0%| F|  |TAMS 0x00000000fe300000, 0x00000000fe300000| Untracked 
|  36|0x00000000fe400000, 0x00000000fe400000, 0x00000000fe500000|  0%| F|  |TAMS 0x00000000fe400000, 0x00000000fe400000| Untracked 
|  37|0x00000000fe500000, 0x00000000fe500000, 0x00000000fe600000|  0%| F|  |TAMS 0x00000000fe500000, 0x00000000fe500000| Untracked 
|  38|0x00000000fe600000, 0x00000000fe600000, 0x00000000fe700000|  0%| F|  |TAMS 0x00000000fe600000, 0x00000000fe600000| Untracked 
|  39|0x00000000fe700000, 0x00000000fe700000, 0x00000000fe800000|  0%| F|  |TAMS 0x00000000fe700000, 0x00000000fe700000| Untracked 
|  40|0x00000000fe800000, 0x00000000fe800000, 0x00000000fe900000|  0%| F|  |TAMS 0x00000000fe800000, 0x00000000fe800000| Untracked 
|  41|0x00000000fe900000, 0x00000000fe900000, 0x00000000fea00000|  0%| F|  |TAMS 0x00000000fe900000, 0x00000000fe900000| Untracked 
|  42|0x00000000fea00000, 0x00000000fea00000, 0x00000000feb00000|  0%| F|  |TAMS 0x00000000fea00000, 0x00000000fea00000| Untracked 
|  43|0x00000000feb00000, 0x00000000fec00000, 0x00000000fec00000|100%| S|CS|TAMS 0x00000000feb00000, 0x00000000feb00000| Complete 
|  44|0x00000000fec00000, 0x00000000fed00000, 0x00000000fed00000|100%| S|CS|TAMS 0x00000000fec00000, 0x00000000fec00000| Complete 
|  45|0x00000000fed00000, 0x00000000fee00000, 0x00000000fee00000|100%| S|CS|TAMS 0x00000000fed00000, 0x00000000fed00000| Complete 
|  46|0x00000000fee00000, 0x00000000fee00000, 0x00000000fef00000|  0%| F|  |TAMS 0x00000000fee00000, 0x00000000fee00000| Untracked 
|  47|0x00000000fef00000, 0x00000000fef00000, 0x00000000ff000000|  0%| F|  |TAMS 0x00000000fef00000, 0x00000000fef00000| Untracked 
|  48|0x00000000ff000000, 0x00000000ff000000, 0x00000000ff100000|  0%| F|  |TAMS 0x00000000ff000000, 0x00000000ff000000| Untracked 
|  49|0x00000000ff100000, 0x00000000ff100000, 0x00000000ff200000|  0%| F|  |TAMS 0x00000000ff100000, 0x00000000ff100000| Untracked 
|  50|0x00000000ff200000, 0x00000000ff200000, 0x00000000ff300000|  0%| F|  |TAMS 0x00000000ff200000, 0x00000000ff200000| Untracked 
|  51|0x00000000ff300000, 0x00000000ff387c08, 0x00000000ff400000| 53%| E|  |TAMS 0x00000000ff300000, 0x00000000ff300000| Complete 
|  52|0x00000000ff400000, 0x00000000ff500000, 0x00000000ff500000|100%| E|CS|TAMS 0x00000000ff400000, 0x00000000ff400000| Complete 
|  53|0x00000000ff500000, 0x00000000ff600000, 0x00000000ff600000|100%| E|CS|TAMS 0x00000000ff500000, 0x00000000ff500000| Complete 
|  54|0x00000000ff600000, 0x00000000ff700000, 0x00000000ff700000|100%| E|CS|TAMS 0x00000000ff600000, 0x00000000ff600000| Complete 
|  55|0x00000000ff700000, 0x00000000ff800000, 0x00000000ff800000|100%| E|CS|TAMS 0x00000000ff700000, 0x00000000ff700000| Complete 
|  56|0x00000000ff800000, 0x00000000ff900000, 0x00000000ff900000|100%| E|CS|TAMS 0x00000000ff800000, 0x00000000ff800000| Complete 
|  57|0x00000000ff900000, 0x00000000ffa00000, 0x00000000ffa00000|100%| E|CS|TAMS 0x00000000ff900000, 0x00000000ff900000| Complete 
|  58|0x00000000ffa00000, 0x00000000ffb00000, 0x00000000ffb00000|100%| E|CS|TAMS 0x00000000ffa00000, 0x00000000ffa00000| Complete 
|  59|0x00000000ffb00000, 0x00000000ffc00000, 0x00000000ffc00000|100%| E|CS|TAMS 0x00000000ffb00000, 0x00000000ffb00000| Complete 
|  60|0x00000000ffc00000, 0x00000000ffd00000, 0x00000000ffd00000|100%| E|CS|TAMS 0x00000000ffc00000, 0x00000000ffc00000| Complete 
|  61|0x00000000ffd00000, 0x00000000ffe00000, 0x00000000ffe00000|100%| E|CS|TAMS 0x00000000ffd00000, 0x00000000ffd00000| Complete 
|  62|0x00000000ffe00000, 0x00000000fff00000, 0x00000000fff00000|100%| E|CS|TAMS 0x00000000ffe00000, 0x00000000ffe00000| Complete 
|  63|0x00000000fff00000, 0x0000000100000000, 0x0000000100000000|100%| E|CS|TAMS 0x00000000fff00000, 0x00000000fff00000| Complete 

Card table byte_map: [0x00000233d48c0000,0x00000233d48e0000] _byte_map_base: 0x00000233d40e0000

Marking Bits (Prev, Next): (CMBitMap*) 0x00000233bbb5d5f0, (CMBitMap*) 0x00000233bbb5d630
 Prev Bits: [0x00000233d4900000, 0x00000233d4a00000)
 Next Bits: [0x00000233d4a00000, 0x00000233d4b00000)

Polling page: 0x00000233bbc00000

Metaspace:

Usage:
  Non-class:      7.89 MB used.
      Class:      1.15 MB used.
       Both:      9.04 MB used.

Virtual space:
  Non-class space:       64.00 MB reserved,       8.06 MB ( 13%) committed,  1 nodes.
      Class space:        1.00 GB reserved,       1.31 MB ( <1%) committed,  1 nodes.
             Both:        1.06 GB reserved,       9.38 MB ( <1%) committed. 

Chunk freelists:
   Non-Class:  3.91 MB
       Class:  2.58 MB
        Both:  6.48 MB

MaxMetaspaceSize: unlimited
CompressedClassSpaceSize: 1.00 GB
Initial GC threshold: 21.00 MB
Current GC threshold: 21.00 MB
CDS: on
MetaspaceReclaimPolicy: balanced
 - commit_granule_bytes: 65536.
 - commit_granule_words: 8192.
 - virtual_space_node_default_size: 8388608.
 - enlarge_chunks_in_place: 1.
 - new_chunks_are_fully_committed: 0.
 - uncommit_free_chunks: 1.
 - use_allocation_guard: 0.


Internal statistics:

num_allocs_failed_limit: 0.
num_arena_births: 210.
num_arena_deaths: 0.
num_vsnodes_births: 2.
num_vsnodes_deaths: 0.
num_space_committed: 150.
num_space_uncommitted: 0.
num_chunks_returned_to_freelist: 0.
num_chunks_taken_from_freelist: 455.
num_chunk_merges: 0.
num_chunk_splits: 302.
num_chunks_enlarged: 227.
num_inconsistent_stats: 0.

CodeHeap 'non-profiled nmethods': size=120000Kb used=642Kb max_used=642Kb free=119357Kb
 bounds [0x00000233ccd70000, 0x00000233ccfe0000, 0x00000233d42a0000]
CodeHeap 'profiled nmethods': size=120000Kb used=3173Kb max_used=3173Kb free=116826Kb
 bounds [0x00000233c52a0000, 0x00000233c55c0000, 0x00000233cc7d0000]
CodeHeap 'non-nmethods': size=5760Kb used=1267Kb max_used=1287Kb free=4493Kb
 bounds [0x00000233cc7d0000, 0x00000233cca40000, 0x00000233ccd70000]
 total_blobs=2143 nmethods=1657 adapters=397
 compilation: enabled
              stopped_count=0, restarted_count=0
 full_count=0

Compilation events (20 events):
Event: 751.718 Thread 0x00000233bbbf3030 nmethod 1624 0x00000233c55aee90 code [0x00000233c55af040, 0x00000233c55af208]
Event: 751.740 Thread 0x00000233bbbf3030 1625       3       java.lang.StringUTF16::getChar (60 bytes)
Event: 751.740 Thread 0x00000233bbbf3030 nmethod 1625 0x00000233c55af290 code [0x00000233c55af440, 0x00000233c55af5b8]
Event: 751.741 Thread 0x00000233bbbf1340 1626       4       java.lang.StringUTF16::getChar (60 bytes)
Event: 751.742 Thread 0x00000233bbbf1340 nmethod 1626 0x00000233cce08a10 code [0x00000233cce08ba0, 0x00000233cce08c78]
Event: 751.965 Thread 0x00000233bbbf1340 1627       4       java.util.concurrent.ThreadPoolExecutor$Worker::unlock (7 bytes)
Event: 751.967 Thread 0x00000233bbbf1340 nmethod 1627 0x00000233cce08d90 code [0x00000233cce08f20, 0x00000233cce09078]
Event: 751.991 Thread 0x00000233bbbf3030 1628       3       java.util.regex.Matcher::getTextLength (10 bytes)
Event: 751.991 Thread 0x00000233bbbf3030 nmethod 1628 0x00000233c55af690 code [0x00000233c55af840, 0x00000233c55afa08]
Event: 752.173 Thread 0x00000233bbbf1340 1629   !   4       java.util.concurrent.ThreadPoolExecutor::getTask (177 bytes)
Event: 752.215 Thread 0x00000233bbbf1340 nmethod 1629 0x00000233cce09190 code [0x00000233cce09480, 0x00000233cce0b018]
Event: 777.359 Thread 0x00000233bbbf1340 1630   !   4       java.util.concurrent.locks.AbstractQueuedSynchronizer::acquire (407 bytes)
Event: 777.373 Thread 0x00000233bbbf1340 nmethod 1630 0x00000233cce0c490 code [0x00000233cce0c640, 0x00000233cce0cba8]
Event: 849.807 Thread 0x00000233bbbf1340 1631       4       java.util.concurrent.ThreadPoolExecutor::runStateAtLeast (11 bytes)
Event: 849.807 Thread 0x00000233bbbf1340 nmethod 1631 0x00000233cce0cf10 code [0x00000233cce0d080, 0x00000233cce0d0f8]
Event: 864.274 Thread 0x00000233bbbf3030 1632       3       sun.invoke.util.VerifyAccess::isTypeVisible (47 bytes)
Event: 864.275 Thread 0x00000233bbbf3030 nmethod 1632 0x00000233c55afb10 code [0x00000233c55afd00, 0x00000233c55b0118]
Event: 864.353 Thread 0x00000233bbbf1340 1633       4       java.util.concurrent.ScheduledThreadPoolExecutor$DelayedWorkQueue::take (5 bytes)
Event: 864.401 Thread 0x00000233bbbf1340 nmethod 1633 0x00000233cce0d210 code [0x00000233cce0d4e0, 0x00000233cce0ed98]
Event: 864.401 Thread 0x00000233bbbf1340 1634   !   4       java.util.concurrent.ScheduledThreadPoolExecutor$DelayedWorkQueue::take (203 bytes)

GC Heap History (4 events):
Event: 74.334 GC heap before
{Heap before GC invocations=0 (full 0):
 garbage-first heap   total 65536K, used 12288K [0x00000000fc000000, 0x0000000100000000)
  region size 1024K, 13 young (13312K), 0 survivors (0K)
 Metaspace       used 1869K, committed 2048K, reserved 1114112K
  class space    used 167K, committed 256K, reserved 1048576K
}
Event: 75.225 GC heap after
{Heap after GC invocations=1 (full 0):
 garbage-first heap   total 65536K, used 3296K [0x00000000fc000000, 0x0000000100000000)
  region size 1024K, 2 young (2048K), 2 survivors (2048K)
 Metaspace       used 1869K, committed 2048K, reserved 1114112K
  class space    used 167K, committed 256K, reserved 1048576K
}
Event: 261.011 GC heap before
{Heap before GC invocations=1 (full 0):
 garbage-first heap   total 65536K, used 22752K [0x00000000fc000000, 0x0000000100000000)
  region size 1024K, 18 young (18432K), 2 survivors (2048K)
 Metaspace       used 6308K, committed 6528K, reserved 1114112K
  class space    used 828K, committed 960K, reserved 1048576K
}
Event: 261.015 GC heap after
{Heap after GC invocations=2 (full 0):
 garbage-first heap   total 65536K, used 11318K [0x00000000fc000000, 0x0000000100000000)
  region size 1024K, 3 young (3072K), 3 survivors (3072K)
 Metaspace       used 6308K, committed 6528K, reserved 1114112K
  class space    used 828K, committed 960K, reserved 1048576K
}

Dll operation events (12 events):
Event: 2.696 Loaded shared library D:\full tension not java\bin\java.dll
Event: 2.708 Loaded shared library D:\full tension not java\bin\jsvml.dll
Event: 5.000 Loaded shared library D:\full tension not java\bin\net.dll
Event: 5.142 Loaded shared library D:\full tension not java\bin\nio.dll
Event: 5.149 Loaded shared library D:\full tension not java\bin\zip.dll
Event: 66.648 Loaded shared library D:\full tension not java\bin\jimage.dll
Event: 75.261 Loaded shared library D:\full tension not java\bin\verify.dll
Event: 160.064 Loaded shared library C:\Users\Rafay\.gradle\native\68d5fa5c4cc2d200863cafc0d521ce42e7d3e7ee720ec0a83991735586a16f82\windows-amd64\native-platform.dll
Event: 247.858 Loaded shared library D:\full tension not java\bin\management.dll
Event: 249.029 Loaded shared library D:\full tension not java\bin\management_ext.dll
Event: 368.032 Loaded shared library D:\full tension not java\bin\extnet.dll
Event: 406.303 Loaded shared library D:\full tension not java\bin\sunmscapi.dll

Deoptimization events (20 events):
Event: 751.743 Thread 0x00000233dbe21d80 Uncommon trap: trap_request=0xffffff45 fr.pc=0x00000233ccdaf1fc relative=0x000000000000005c
Event: 751.743 Thread 0x00000233dbe21d80 Uncommon trap: reason=unstable_if action=reinterpret pc=0x00000233ccdaf1fc method=java.lang.AbstractStringBuilder.isLatin1()Z @ 10 c2
Event: 751.743 Thread 0x00000233dbe21d80 DEOPT PACKING pc=0x00000233ccdaf1fc sp=0x000000761bdfef90
Event: 751.743 Thread 0x00000233dbe21d80 DEOPT UNPACKING pc=0x00000233cc836da3 sp=0x000000761bdfef20 mode 2
Event: 751.743 Thread 0x00000233dbe21d80 Uncommon trap: trap_request=0xffffff45 fr.pc=0x00000233ccda59e0 relative=0x00000000000000c0
Event: 751.743 Thread 0x00000233dbe21d80 Uncommon trap: reason=unstable_if action=reinterpret pc=0x00000233ccda59e0 method=java.lang.String.getBytes([BIB)V @ 5 c2
Event: 751.743 Thread 0x00000233dbe21d80 DEOPT PACKING pc=0x00000233ccda59e0 sp=0x000000761bdfefd0
Event: 751.743 Thread 0x00000233dbe21d80 DEOPT UNPACKING pc=0x00000233cc836da3 sp=0x000000761bdfef78 mode 2
Event: 751.743 Thread 0x00000233dbe21d80 Uncommon trap: trap_request=0xffffff45 fr.pc=0x00000233ccdda2c0 relative=0x00000000000003a0
Event: 751.743 Thread 0x00000233dbe21d80 Uncommon trap: reason=unstable_if action=reinterpret pc=0x00000233ccdda2c0 method=java.lang.AbstractStringBuilder.isLatin1()Z @ 10 c2
Event: 751.743 Thread 0x00000233dbe21d80 DEOPT PACKING pc=0x00000233ccdda2c0 sp=0x000000761bdff130
Event: 751.743 Thread 0x00000233dbe21d80 DEOPT UNPACKING pc=0x00000233cc836da3 sp=0x000000761bdfefb8 mode 2
Event: 864.273 Thread 0x00000233dbe21d80 Uncommon trap: trap_request=0xffffff45 fr.pc=0x00000233ccdd9648 relative=0x0000000000000048
Event: 864.273 Thread 0x00000233dbe21d80 Uncommon trap: reason=unstable_if action=reinterpret pc=0x00000233ccdd9648 method=java.lang.Thread.getAndClearInterrupt()Z @ 6 c2
Event: 864.273 Thread 0x00000233dbe21d80 DEOPT PACKING pc=0x00000233ccdd9648 sp=0x000000761bdff4b0
Event: 864.273 Thread 0x00000233dbe21d80 DEOPT UNPACKING pc=0x00000233cc836da3 sp=0x000000761bdff3e8 mode 2
Event: 864.274 Thread 0x00000233dbe21d80 Uncommon trap: trap_request=0xffffff45 fr.pc=0x00000233cce0a5ec relative=0x000000000000116c
Event: 864.274 Thread 0x00000233dbe21d80 Uncommon trap: reason=unstable_if action=reinterpret pc=0x00000233cce0a5ec method=java.util.concurrent.ThreadPoolExecutor.runStateAtLeast(II)Z @ 2 c2
Event: 864.274 Thread 0x00000233dbe21d80 DEOPT PACKING pc=0x00000233cce0a5ec sp=0x000000761bdff570
Event: 864.274 Thread 0x00000233dbe21d80 DEOPT UNPACKING pc=0x00000233cc836da3 sp=0x000000761bdff4f8 mode 2

Classes loaded (20 events):
Event: 750.710 Loading class java/lang/ProcessBuilder$NullInputStream done
Event: 750.710 Loading class jdk/internal/event/ProcessStartEvent
Event: 750.733 Loading class jdk/internal/event/ProcessStartEvent done
Event: 750.828 Loading class java/util/Scanner
Event: 750.936 Loading class java/util/Scanner done
Event: 750.938 Loading class sun/nio/cs/StreamDecoder
Event: 751.060 Loading class sun/nio/cs/StreamDecoder done
Event: 751.060 Loading class java/util/Scanner$PatternLRUCache
Event: 751.076 Loading class java/util/Scanner$PatternLRUCache done
Event: 751.606 Loading class sun/text/resources/cldr/FormatData_en
Event: 751.636 Loading class sun/text/resources/cldr/FormatData_en done
Event: 751.636 Loading class sun/text/resources/cldr/FormatData_en_US
Event: 751.636 Loading class sun/text/resources/cldr/FormatData_en_US done
Event: 751.743 Loading class java/io/PrintWriter
Event: 751.877 Loading class java/io/PrintWriter done
Event: 751.877 Loading class java/io/PrintWriter$1
Event: 751.877 Loading class jdk/internal/access/JavaIOPrintWriterAccess
Event: 751.991 Loading class jdk/internal/access/JavaIOPrintWriterAccess done
Event: 751.991 Loading class java/io/PrintWriter$1 done
Event: 864.380 Loading class java/util/concurrent/ConcurrentLinkedQueue$Itr

Classes unloaded (0 events):
No events

Classes redefined (0 events):
No events

Internal exceptions (20 events):
Event: 152.668 Thread 0x00000233bbb38400 Exception <a 'java/lang/NoSuchMethodError'{0x00000000ff70a4f0}: 'java.lang.Object java.lang.invoke.DirectMethodHandle$Holder.invokeVirtual(java.lang.Object, java.lang.Object, java.lang.Object, java.lang.Object, java.lang.Object, java.lang.Object, java.lang.Object)'> (0x00000000ff70a4f0) 
thrown [s\open\src\hotspot\share\interpreter\linkResolver.cpp, line 774]
Event: 159.898 Thread 0x00000233bbb38400 Exception <a 'java/lang/NoSuchMethodError'{0x00000000ff71e428}: 'java.lang.Object java.lang.invoke.DirectMethodHandle$Holder.invokeStatic(java.lang.Object, java.lang.Object, int)'> (0x00000000ff71e428) 
thrown [s\open\src\hotspot\share\interpreter\linkResolver.cpp, line 774]
Event: 159.899 Thread 0x00000233bbb38400 Exception <a 'java/lang/NoSuchMethodError'{0x00000000ff72a150}: 'void java.lang.invoke.DelegatingMethodHandle$Holder.delegate(java.lang.Object, java.lang.Object, int, java.lang.Object)'> (0x00000000ff72a150) 
thrown [s\open\src\hotspot\share\interpreter\linkResolver.cpp, line 774]
Event: 159.900 Thread 0x00000233bbb38400 Exception <a 'java/lang/NoSuchMethodError'{0x00000000ff72e2b0}: 'int java.lang.invoke.DirectMethodHandle$Holder.invokeSpecial(java.lang.Object, java.lang.Object, java.lang.Object)'> (0x00000000ff72e2b0) 
thrown [s\open\src\hotspot\share\interpreter\linkResolver.cpp, line 774]
Event: 160.185 Thread 0x00000233bbb38400 Exception <a 'java/lang/NoSuchMethodError'{0x00000000ff7c8620}: 'java.lang.Object java.lang.invoke.DirectMethodHandle$Holder.invokeVirtual(java.lang.Object, java.lang.Object, java.lang.Object)'> (0x00000000ff7c8620) 
thrown [s\open\src\hotspot\share\interpreter\linkResolver.cpp, line 774]
Event: 202.200 Thread 0x00000233bbb38400 Exception <a 'java/lang/NoSuchMethodError'{0x00000000ff5f7348}: 'java.lang.Object java.lang.invoke.DirectMethodHandle$Holder.invokeVirtual(java.lang.Object, java.lang.Object, java.lang.Object, java.lang.Object)'> (0x00000000ff5f7348) 
thrown [s\open\src\hotspot\share\interpreter\linkResolver.cpp, line 774]
Event: 203.519 Thread 0x00000233bbb38400 Exception <a 'java/lang/NoSuchMethodError'{0x00000000ff471ee8}: 'java.lang.Object java.lang.invoke.DirectMethodHandle$Holder.invokeVirtual(java.lang.Object, java.lang.Object, java.lang.Object, java.lang.Object, java.lang.Object, java.lang.Object)'> (0x00000000ff471ee8) 
thrown [s\open\src\hotspot\share\interpreter\linkResolver.cpp, line 774]
Event: 247.855 Thread 0x00000233bbb38400 Exception <a 'java/lang/NoSuchMethodError'{0x00000000ff0aea98}: 'java.lang.Object java.lang.invoke.DirectMethodHandle$Holder.invokeStaticInit(java.lang.Object)'> (0x00000000ff0aea98) 
thrown [s\open\src\hotspot\share\interpreter\linkResolver.cpp, line 774]
Event: 256.238 Thread 0x00000233bbb38400 Exception <a 'java/lang/NoSuchMethodError'{0x00000000fee12358}: 'java.lang.Object java.lang.invoke.DirectMethodHandle$Holder.invokeVirtual(java.lang.Object, java.lang.Object, java.lang.Object, java.lang.Object, java.lang.Object)'> (0x00000000fee12358) 
thrown [s\open\src\hotspot\share\interpreter\linkResolver.cpp, line 774]
Event: 256.248 Thread 0x00000233bbb38400 Exception <a 'java/lang/NoSuchMethodError'{0x00000000fee262e8}: 'java.lang.Object java.lang.invoke.Invokers$Holder.invokeExact_MT(java.lang.Object, java.lang.Object, java.lang.Object, java.lang.Object, java.lang.Object, java.lang.Object)'> (0x00000000fee262e8) 
thrown [s\open\src\hotspot\share\interpreter\linkResolver.cpp, line 774]
Event: 265.059 Thread 0x00000233bbb38400 Exception <a 'java/lang/NoSuchMethodError'{0x00000000fffe0998}: 'java.lang.Object java.lang.invoke.DirectMethodHandle$Holder.invokeVirtual(java.lang.Object, java.lang.Object, java.lang.Object, java.lang.Object, java.lang.Object, java.lang.Object, java.lang.Object, java.lang.Object)'> (0x00000000fffe0998) 
thrown [s\open\src\hotspot\share\interpreter\linkResolver.cpp, line 774]
Event: 274.172 Thread 0x00000233bbb38400 Exception <a 'java/lang/NoSuchMethodError'{0x00000000ffd0c3e8}: 'java.lang.Object java.lang.invoke.DirectMethodHandle$Holder.invokeStaticInit(java.lang.Object, int, int, int, int)'> (0x00000000ffd0c3e8) 
thrown [s\open\src\hotspot\share\interpreter\linkResolver.cpp, line 774]
Event: 361.549 Thread 0x00000233bbb38400 Exception <a 'java/lang/NoSuchMethodError'{0x00000000ffddd5a0}: 'java.lang.Object java.lang.invoke.DirectMethodHandle$Holder.invokeStaticInit(java.lang.Object, java.lang.Object, int, int, int, int)'> (0x00000000ffddd5a0) 
thrown [s\open\src\hotspot\share\interpreter\linkResolver.cpp, line 774]
Event: 371.291 Thread 0x00000233bbb38400 Implicit null exception at 0x00000233ccda8672 to 0x00000233ccda8b2c
Event: 371.292 Thread 0x00000233bbb38400 Implicit null exception at 0x00000233ccdb5d72 to 0x00000233ccdb6224
Event: 371.295 Thread 0x00000233bbb38400 Exception <a 'java/lang/NoSuchMethodError'{0x00000000ffcc53d0}: 'void java.lang.invoke.DirectMethodHandle$Holder.invokeInterface(java.lang.Object, java.lang.Object, java.lang.Object)'> (0x00000000ffcc53d0) 
thrown [s\open\src\hotspot\share\interpreter\linkResolver.cpp, line 774]
Event: 750.522 Thread 0x00000233dbe21d80 Exception <a 'java/lang/NoSuchMethodError'{0x00000000ff40d0f8}: 'void java.lang.invoke.DirectMethodHandle$Holder.invokeStatic(java.lang.Object, long)'> (0x00000000ff40d0f8) 
thrown [s\open\src\hotspot\share\interpreter\linkResolver.cpp, line 774]
Event: 750.524 Thread 0x00000233dbe21d80 Exception <a 'java/lang/NoSuchMethodError'{0x00000000ff4127b0}: 'java.lang.Object java.lang.invoke.DirectMethodHandle$Holder.newInvokeSpecial(java.lang.Object, long)'> (0x00000000ff4127b0) 
thrown [s\open\src\hotspot\share\interpreter\linkResolver.cpp, line 774]
Event: 750.707 Thread 0x00000233dbe21d80 Exception <a 'java/lang/NoSuchMethodError'{0x00000000ff419c88}: 'java.lang.Object java.lang.invoke.DirectMethodHandle$Holder.invokeStatic(java.lang.Object, long, java.lang.Object)'> (0x00000000ff419c88) 
thrown [s\open\src\hotspot\share\interpreter\linkResolver.cpp, line 774]
Event: 750.708 Thread 0x00000233dbe21d80 Exception <a 'java/lang/NoSuchMethodError'{0x00000000ff41d6b8}: 'java.lang.Object java.lang.invoke.DirectMethodHandle$Holder.invokeStaticInit(java.lang.Object, long, java.lang.Object)'> (0x00000000ff41d6b8) 
thrown [s\open\src\hotspot\share\interpreter\linkResolver.cpp, line 774]

VM Operations (20 events):
Event: 716.710 Executing VM operation: Cleanup
Event: 716.710 Executing VM operation: Cleanup done
Event: 721.738 Executing VM operation: Cleanup
Event: 721.738 Executing VM operation: Cleanup done
Event: 722.744 Executing VM operation: Cleanup
Event: 722.744 Executing VM operation: Cleanup done
Event: 723.041 Executing VM operation: HandshakeAllThreads
Event: 723.041 Executing VM operation: HandshakeAllThreads done
Event: 724.046 Executing VM operation: Cleanup
Event: 724.046 Executing VM operation: Cleanup done
Event: 740.174 Executing VM operation: Cleanup
Event: 740.174 Executing VM operation: Cleanup done
Event: 750.827 Executing VM operation: HandshakeAllThreads
Event: 750.827 Executing VM operation: HandshakeAllThreads done
Event: 750.827 Executing VM operation: Cleanup
Event: 750.827 Executing VM operation: Cleanup done
Event: 751.740 Executing VM operation: HandshakeAllThreads
Event: 751.740 Executing VM operation: HandshakeAllThreads done
Event: 752.751 Executing VM operation: Cleanup
Event: 752.751 Executing VM operation: Cleanup done

Events (19 events):
Event: 2.708 Thread 0x00000233bbb38400 Thread added: 0x00000233bbb38400
Event: 3.987 Thread 0x00000233bbbe9a10 Thread added: 0x00000233bbbe9a10
Event: 3.987 Thread 0x00000233bbbea9a0 Thread added: 0x00000233bbbea9a0
Event: 3.987 Thread 0x00000233bbbeb930 Thread added: 0x00000233bbbeb930
Event: 3.987 Thread 0x00000233bbbed470 Thread added: 0x00000233bbbed470
Event: 3.988 Thread 0x00000233bbbefdb0 Thread added: 0x00000233bbbefdb0
Event: 3.988 Thread 0x00000233bbbf06e0 Thread added: 0x00000233bbbf06e0
Event: 3.988 Thread 0x00000233bbbf1340 Thread added: 0x00000233bbbf1340
Event: 4.163 Thread 0x00000233bbbf3030 Thread added: 0x00000233bbbf3030
Event: 4.262 Thread 0x00000233d70db2c0 Thread added: 0x00000233d70db2c0
Event: 4.334 Thread 0x00000233db44e030 Thread added: 0x00000233db44e030
Event: 4.961 Thread 0x00000233db455e00 Thread added: 0x00000233db455e00
Event: 189.145 Thread 0x00000233dba68020 Thread added: 0x00000233dba68020
Event: 724.665 Thread 0x00000233dbe21d80 Thread added: 0x00000233dbe21d80
Event: 750.735 Thread 0x00000233d7118a60 Thread added: 0x00000233d7118a60
Event: 750.737 Thread 0x00000233dbdb5810 Thread added: 0x00000233dbdb5810
Event: 750.738 Thread 0x00000233d7118a60 Thread exited: 0x00000233d7118a60
Event: 810.741 Thread 0x00000233dbdb5810 Thread exited: 0x00000233dbdb5810
Event: 864.274 Thread 0x00000233dbe21d80 Thread exited: 0x00000233dbe21d80


Dynamic libraries:
0x00007ff747cb0000 - 0x00007ff747cc0000 	D:\full tension not java\bin\java.exe
0x00007ffeea030000 - 0x00007ffeea228000 	C:\WINDOWS\SYSTEM32\ntdll.dll
0x00007ffee9a70000 - 0x00007ffee9b2d000 	C:\WINDOWS\System32\KERNEL32.DLL
0x00007ffee7910000 - 0x00007ffee7c06000 	C:\WINDOWS\System32\KERNELBASE.dll
0x00007ffee7810000 - 0x00007ffee7910000 	C:\WINDOWS\System32\ucrtbase.dll
0x00007ffedf100000 - 0x00007ffedf11b000 	D:\full tension not java\bin\VCRUNTIME140.dll
0x00007ffedf0c0000 - 0x00007ffedf0d8000 	D:\full tension not java\bin\jli.dll
0x00007ffee94a0000 - 0x00007ffee9553000 	C:\WINDOWS\System32\ADVAPI32.dll
0x00007ffee9560000 - 0x00007ffee95fe000 	C:\WINDOWS\System32\msvcrt.dll
0x00007ffee9f20000 - 0x00007ffee9fbf000 	C:\WINDOWS\System32\sechost.dll
0x00007ffee9370000 - 0x00007ffee9496000 	C:\WINDOWS\System32\RPCRT4.dll
0x00007ffee7770000 - 0x00007ffee7797000 	C:\WINDOWS\System32\bcrypt.dll
0x00007ffee9b30000 - 0x00007ffee9cce000 	C:\WINDOWS\System32\USER32.dll
0x00007ffee7da0000 - 0x00007ffee7dc2000 	C:\WINDOWS\System32\win32u.dll
0x00007ffee8960000 - 0x00007ffee898c000 	C:\WINDOWS\System32\GDI32.dll
0x00007ffee7f30000 - 0x00007ffee804a000 	C:\WINDOWS\System32\gdi32full.dll
0x00007ffee76d0000 - 0x00007ffee776d000 	C:\WINDOWS\System32\msvcp_win.dll
0x00007ffedc920000 - 0x00007ffedc92a000 	C:\WINDOWS\SYSTEM32\VERSION.dll
0x00007ffed9f80000 - 0x00007ffeda21a000 	C:\WINDOWS\WinSxS\amd64_microsoft.windows.common-controls_6595b64144ccf1df_6.0.19041.3636_none_60b6a03d71f818d5\COMCTL32.dll
0x00007ffee8930000 - 0x00007ffee8960000 	C:\WINDOWS\System32\IMM32.DLL
0x00007ffee40a0000 - 0x00007ffee40ac000 	D:\full tension not java\bin\vcruntime140_1.dll
0x00007ffeac060000 - 0x00007ffeac0ee000 	D:\full tension not java\bin\msvcp140.dll
0x00007ffe83540000 - 0x00007ffe84200000 	D:\full tension not java\bin\server\jvm.dll
0x00007ffee2520000 - 0x00007ffee2529000 	C:\WINDOWS\SYSTEM32\WSOCK32.dll
0x00007ffee9eb0000 - 0x00007ffee9f1b000 	C:\WINDOWS\System32\WS2_32.dll
0x00007ffed74d0000 - 0x00007ffed74f7000 	C:\WINDOWS\SYSTEM32\WINMM.dll
0x00007ffee52d0000 - 0x00007ffee52e2000 	C:\WINDOWS\SYSTEM32\kernel.appcore.dll
0x00007ffee2510000 - 0x00007ffee251a000 	D:\full tension not java\bin\jimage.dll
0x00007ffec7600000 - 0x00007ffec77e4000 	C:\WINDOWS\SYSTEM32\DBGHELP.DLL
0x00007ffec50f0000 - 0x00007ffec5124000 	C:\WINDOWS\SYSTEM32\dbgcore.DLL
0x00007ffee7d10000 - 0x00007ffee7d92000 	C:\WINDOWS\System32\bcryptPrimitives.dll
0x00007ffedf080000 - 0x00007ffedf0a6000 	D:\full tension not java\bin\java.dll
0x00007ffe91700000 - 0x00007ffe917d7000 	D:\full tension not java\bin\jsvml.dll
0x00007ffee81e0000 - 0x00007ffee8925000 	C:\WINDOWS\System32\SHELL32.dll
0x00007ffee55b0000 - 0x00007ffee5d4b000 	C:\WINDOWS\SYSTEM32\windows.storage.dll
0x00007ffee9010000 - 0x00007ffee9364000 	C:\WINDOWS\System32\combase.dll
0x00007ffee7030000 - 0x00007ffee705d000 	C:\WINDOWS\SYSTEM32\Wldp.dll
0x00007ffee97a0000 - 0x00007ffee984d000 	C:\WINDOWS\System32\SHCORE.dll
0x00007ffee9cd0000 - 0x00007ffee9d25000 	C:\WINDOWS\System32\shlwapi.dll
0x00007ffee7600000 - 0x00007ffee7625000 	C:\WINDOWS\SYSTEM32\profapi.dll
0x00007ffedebd0000 - 0x00007ffedebe3000 	D:\full tension not java\bin\net.dll
0x00007ffee0c00000 - 0x00007ffee0d0a000 	C:\WINDOWS\SYSTEM32\WINHTTP.dll
0x00007ffee6d90000 - 0x00007ffee6dfa000 	C:\WINDOWS\system32\mswsock.dll
0x00007ffedc350000 - 0x00007ffedc366000 	D:\full tension not java\bin\nio.dll
0x00007ffec29a0000 - 0x00007ffec29b8000 	D:\full tension not java\bin\zip.dll
0x00007ffee24e0000 - 0x00007ffee24f0000 	D:\full tension not java\bin\verify.dll
0x00007ffec2150000 - 0x00007ffec2177000 	C:\Users\Rafay\.gradle\native\68d5fa5c4cc2d200863cafc0d521ce42e7d3e7ee720ec0a83991735586a16f82\windows-amd64\native-platform.dll
0x00007ffedf070000 - 0x00007ffedf07a000 	D:\full tension not java\bin\management.dll
0x00007ffedebc0000 - 0x00007ffedebcb000 	D:\full tension not java\bin\management_ext.dll
0x00007ffee8f10000 - 0x00007ffee8f18000 	C:\WINDOWS\System32\PSAPI.DLL
0x00007ffee6f80000 - 0x00007ffee6f98000 	C:\WINDOWS\SYSTEM32\CRYPTSP.dll
0x00007ffee66c0000 - 0x00007ffee66f4000 	C:\WINDOWS\system32\rsaenh.dll
0x00007ffee7570000 - 0x00007ffee759e000 	C:\WINDOWS\SYSTEM32\USERENV.dll
0x00007ffee6fa0000 - 0x00007ffee6fac000 	C:\WINDOWS\SYSTEM32\CRYPTBASE.dll
0x00007ffee6a80000 - 0x00007ffee6abb000 	C:\WINDOWS\SYSTEM32\IPHLPAPI.DLL
0x00007ffee9a00000 - 0x00007ffee9a08000 	C:\WINDOWS\System32\NSI.dll
0x00007ffee2b90000 - 0x00007ffee2ba7000 	C:\WINDOWS\SYSTEM32\dhcpcsvc6.DLL
0x00007ffee27b0000 - 0x00007ffee27cd000 	C:\WINDOWS\SYSTEM32\dhcpcsvc.DLL
0x00007ffee6ac0000 - 0x00007ffee6b8a000 	C:\WINDOWS\SYSTEM32\DNSAPI.dll
0x00007ffedab40000 - 0x00007ffedab48000 	D:\full tension not java\bin\extnet.dll
0x00007ffec97e0000 - 0x00007ffec97ee000 	D:\full tension not java\bin\sunmscapi.dll
0x00007ffee7dd0000 - 0x00007ffee7f2d000 	C:\WINDOWS\System32\CRYPT32.dll
0x00007ffee70a0000 - 0x00007ffee70c8000 	C:\WINDOWS\SYSTEM32\ncrypt.dll
0x00007ffee7060000 - 0x00007ffee709b000 	C:\WINDOWS\SYSTEM32\NTASN1.dll
0x00007ffec2210000 - 0x00007ffec2217000 	C:\WINDOWS\system32\wshunix.dll

dbghelp: loaded successfully - version: 4.0.5 - missing functions: none
symbol engine: initialized successfully - sym options: 0x614 - pdb path: .;D:\full tension not java\bin;C:\WINDOWS\SYSTEM32;C:\WINDOWS\WinSxS\amd64_microsoft.windows.common-controls_6595b64144ccf1df_6.0.19041.3636_none_60b6a03d71f818d5;D:\full tension not java\bin\server;C:\Users\Rafay\.gradle\native\68d5fa5c4cc2d200863cafc0d521ce42e7d3e7ee720ec0a83991735586a16f82\windows-amd64

VM Arguments:
jvm_args: -Xmx64m -Xms64m -Dorg.gradle.appname=gradlew 
java_command: org.gradle.wrapper.GradleWrapperMain tasks
java_class_path (initial): D:\Mobile App Development\re practice mash\firstProject-aurora\android\\gradle\wrapper\gradle-wrapper.jar
Launcher Type: SUN_STANDARD

[Global flags]
     intx CICompilerCount                          = 3                                         {product} {ergonomic}
     uint ConcGCThreads                            = 1                                         {product} {ergonomic}
     uint G1ConcRefinementThreads                  = 4                                         {product} {ergonomic}
   size_t G1HeapRegionSize                         = 1048576                                   {product} {ergonomic}
    uintx GCDrainStackTargetSize                   = 64                                        {product} {ergonomic}
   size_t InitialHeapSize                          = 67108864                                  {product} {command line}
   size_t MarkStackSize                            = 4194304                                   {product} {ergonomic}
   size_t MaxHeapSize                              = 67108864                                  {product} {command line}
   size_t MaxNewSize                               = 39845888                                  {product} {ergonomic}
   size_t MinHeapDeltaBytes                        = 1048576                                   {product} {ergonomic}
   size_t MinHeapSize                              = 67108864                                  {product} {command line}
    uintx NonNMethodCodeHeapSize                   = 5832780                                {pd product} {ergonomic}
    uintx NonProfiledCodeHeapSize                  = 122912730                              {pd product} {ergonomic}
    uintx ProfiledCodeHeapSize                     = 122912730                              {pd product} {ergonomic}
    uintx ReservedCodeCacheSize                    = 251658240                              {pd product} {ergonomic}
     bool SegmentedCodeCache                       = true                                      {product} {ergonomic}
   size_t SoftMaxHeapSize                          = 67108864                               {manageable} {ergonomic}
     bool UseCompressedClassPointers               = true                           {product lp64_product} {ergonomic}
     bool UseCompressedOops                        = true                           {product lp64_product} {ergonomic}
     bool UseG1GC                                  = true                                      {product} {ergonomic}
     bool UseLargePagesIndividualAllocation        = false                                  {pd product} {ergonomic}

Logging:
Log output configuration:
 #0: stdout all=warning uptime,level,tags foldmultilines=false
 #1: stderr all=off uptime,level,tags foldmultilines=false

Environment Variables:
JAVA_HOME=D:\full tension not java
CLASSPATH=D:\Mobile App Development\re practice mash\firstProject-aurora\android\\gradle\wrapper\gradle-wrapper.jar
PATH=D:\Mobile App Development\re practice mash\firstProject-aurora\node_modules\.bin;D:\Mobile App Development\re practice mash\firstProject-aurora\node_modules\.bin;D:\Mobile App Development\re practice mash\node_modules\.bin;D:\Mobile App Development\node_modules\.bin;D:\node_modules\.bin;C:\Users\Rafay\AppData\Roaming\npm\node_modules\npm\node_modules\@npmcli\run-script\lib\node-gyp-bin;D:\Mobile App Development\re practice mash\firstProject-aurora\node_modules\.bin;D:\Mobile App Development\re practice mash\node_modules\.bin;D:\Mobile App Development\node_modules\.bin;D:\node_modules\.bin;C:\Users\Rafay\AppData\Roaming\npm\node_modules\npm\node_modules\@npmcli\run-script\lib\node-gyp-bin;D:\MPI-------\Bin\;C:\Users\Rafay\AppData\Local\Programs\Python\Python39\Scripts\;C:\Users\Rafay\AppData\Local\Programs\Python\Python39\;D:\VM\bin\;C:\Program Files (x86)\Common Files\Intel\Shared Libraries\redist\intel64\compiler;C:\Program Files\Python39\Scripts\;C:\Program Files\Python39\;C:\Program Files\Common Files\Oracle\Java\javapath;C:\ProgramData\Oracle\Java\javapath;C:\WINDOWS\system32;C:\WINDOWS;C:\WINDOWS\System32\Wbem;C:\WINDOWS\System32\WindowsPowerShell\v1.0\;C:\WINDOWS\System32\OpenSSH\;C:\Program Files\Microsoft SQL Server\Client SDK\ODBC\170\Tools\Binn\;C:\Program Files (x86)\Microsoft SQL Server\150\Tools\Binn\;C:\Program Files\Microsoft SQL Server\150\Tools\Binn\;C:\Program Files\Microsoft SQL Server\150\DTS\Binn\;C:\Program Files\Azure Data Studio\bin;C:\Program Files\dotnet\;D:\full tension not java\bin;D:\nodejs\;D:\Git\Git\cmd;D:\Git\Git\mingw64\bin;D:\Git\Git\usr\bin;D:\Android Studio g\platform-tools;D:\Pixel_6a_API_33.avd;D:\Android Studio g;D:\Android Studio g\tools\bin;D:\Android Studio g\tools;C:\Users\Rafay\AppData\Local\Microsoft\WindowsApps;C:\Program Files\JetBrains\IntelliJ IDEA Community Edition 2021.2.3\bin;;C:\msys64\mingw64\bin;C:\Program Files\Azure Data Studio\bin;C:\Users\Rafay\AppData\Local\Programs\Microsoft VS Code\bin;C:\Users\Rafay\AppData\Local\GitHubDesktop\bin;C:\Users\Rafay\AppData\Roaming\npm;C:\Users\Rafay\.dotnet\tools;D:\Android Studio g\platform-tools;D:\Pixel_6a_API_33.avd;D:\Android Studio g\tools;D:\Android Studio g\tools\bin;
USERNAME=Rafay
LANG=en_US.UTF-8
OS=Windows_NT
PROCESSOR_IDENTIFIER=Intel64 Family 6 Model 58 Stepping 9, GenuineIntel
TMP=C:\Users\Rafay\AppData\Local\Temp
TEMP=C:\Users\Rafay\AppData\Local\Temp



---------------  S Y S T E M  ---------------

OS:
 Windows 10 , 64 bit Build 19041 (10.0.19041.3636)
OS uptime: 7 days 19:42 hours

CPU: total 4 (initial active 4) (4 cores per cpu, 1 threads per core) family 6 model 58 stepping 9 microcode 0x21, cx8, cmov, fxsr, mmx, sse, sse2, sse3, ssse3, sse4.1, sse4.2, popcnt, tsc, tscinvbit, avx, aes, erms, clmul, vzeroupper, clflush, rdtscp

Memory: 4k page, system-wide physical 8010M (386M free)
TotalPageFile size 29347M (AvailPageFile size 1823M)
current process WorkingSet (physical memory assigned to process): 62M, peak: 79M
current process commit charge ("private bytes"): 158M, peak: 158M

vm_info: Java HotSpot(TM) 64-Bit Server VM (19.0.1+10-21) for windows-amd64 JRE (19.0.1+10-21), built on 2022-09-14T12:45:06Z by "mach5one" with MS VC++ 17.1 (VS2022)

END.
