#
# There is insufficient memory for the Java Runtime Environment to continue.
# Native memory allocation (malloc) failed to allocate 32744 bytes for Chunk::new
# Possible reasons:
#   The system is out of physical RAM or swap space
#   The process is running with CompressedOops enabled, and the Java Heap may be blocking the growth of the native heap
# Possible solutions:
#   Reduce memory load on the system
#   Increase physical memory or swap space
#   Check if swap backing store is full
#   Decrease Java heap size (-Xmx/-Xms)
#   Decrease number of Java threads
#   Decrease Java thread stack sizes (-Xss)
#   Set larger code cache with -XX:ReservedCodeCacheSize=
#   JVM is running with Unscaled Compressed Oops mode in which the Java heap is
#     placed in the first 4GB address space. The Java Heap base address is the
#     maximum limit for the native heap growth. Please use -XX:HeapBaseMinAddress
#     to set the Java Heap base and to place the Java Heap above 4GB virtual address.
# This output file may be truncated or incomplete.
#
#  Out of Memory Error (arena.cpp:184), pid=2392, tid=25320
#
# JRE version: Java(TM) SE Runtime Environment (19.0.1+10) (build 19.0.1+10-21)
# Java VM: Java HotSpot(TM) 64-Bit Server VM (19.0.1+10-21, mixed mode, sharing, tiered, compressed oops, compressed class ptrs, g1 gc, windows-amd64)
# No core dump will be written. Minidumps are not enabled by default on client versions of Windows
#

---------------  S U M M A R Y ------------

Command Line: -Xmx64m -Xms64m -Dorg.gradle.appname=gradlew org.gradle.wrapper.GradleWrapperMain tasks

Host: Intel(R) Core(TM) i5-3470 CPU @ 3.20GHz, 4 cores, 7G,  Windows 10 , 64 bit Build 19041 (10.0.19041.3636)
Time: Sun Jan 28 22:18:21 2024 Pakistan Standard Time elapsed time: 866.035073 seconds (0d 0h 14m 26s)

---------------  T H R E A D  ---------------

Current thread (0x0000029fe7a92ee0):  JavaThread "C2 CompilerThread0" daemon [_thread_in_native, id=25320, stack(0x000000e62e100000,0x000000e62e200000)]


Current CompileTask:
C2: 866035 1615       4       java.nio.Buffer::checkIndex (9 bytes)

Stack: [0x000000e62e100000,0x000000e62e200000]
Native frames: (J=compiled Java code, j=interpreted, Vv=VM code, C=native code)
V  [jvm.dll+0x6ee8fa]
V  [jvm.dll+0x857a1e]
V  [jvm.dll+0x85940e]
V  [jvm.dll+0x859ac3]
V  [jvm.dll+0x28291f]
V  [jvm.dll+0xc9b5f]
V  [jvm.dll+0xc9ee5]
V  [jvm.dll+0x6cba4a]
V  [jvm.dll+0x68111b]
V  [jvm.dll+0x67f594]
V  [jvm.dll+0x24c14e]
V  [jvm.dll+0x24b671]
V  [jvm.dll+0x1d6d61]
V  [jvm.dll+0x25b0fa]
V  [jvm.dll+0x259588]
V  [jvm.dll+0x807928]
V  [jvm.dll+0x8015fa]
V  [jvm.dll+0x6ed5eb]
C  [ucrtbase.dll+0x21bb2]
C  [KERNEL32.DLL+0x17344]
C  [ntdll.dll+0x526b1]


---------------  P R O C E S S  ---------------

Threads class SMR info:
_java_thread_list=0x0000029fffce9c80, length=14, elements={
0x0000029fe79d8160, 0x0000029fe7a8b6b0, 0x0000029fe7a8c640, 0x0000029fe7a8d430,
0x0000029fe7a8fe70, 0x0000029fe7a90940, 0x0000029fe7a91270, 0x0000029fe7a92ee0,
0x0000029ffeffa700, 0x0000029fff0020b0, 0x0000029fff057f90, 0x0000029fff067e60,
0x0000029fff234310, 0x0000029fffadbaf0
}

Java Threads: ( => current thread )
  0x0000029fe79d8160 JavaThread "main" [_thread_blocked, id=17688, stack(0x000000e62d400000,0x000000e62d500000)]
  0x0000029fe7a8b6b0 JavaThread "Reference Handler" daemon [_thread_blocked, id=25296, stack(0x000000e62db00000,0x000000e62dc00000)]
  0x0000029fe7a8c640 JavaThread "Finalizer" daemon [_thread_blocked, id=25300, stack(0x000000e62dc00000,0x000000e62dd00000)]
  0x0000029fe7a8d430 JavaThread "Signal Dispatcher" daemon [_thread_blocked, id=25304, stack(0x000000e62dd00000,0x000000e62de00000)]
  0x0000029fe7a8fe70 JavaThread "Attach Listener" daemon [_thread_blocked, id=25308, stack(0x000000e62de00000,0x000000e62df00000)]
  0x0000029fe7a90940 JavaThread "Service Thread" daemon [_thread_blocked, id=25312, stack(0x000000e62df00000,0x000000e62e000000)]
  0x0000029fe7a91270 JavaThread "Monitor Deflation Thread" daemon [_thread_blocked, id=25316, stack(0x000000e62e000000,0x000000e62e100000)]
=>0x0000029fe7a92ee0 JavaThread "C2 CompilerThread0" daemon [_thread_in_native, id=25320, stack(0x000000e62e100000,0x000000e62e200000)]
  0x0000029ffeffa700 JavaThread "C1 CompilerThread0" daemon [_thread_blocked, id=25428, stack(0x000000e62e200000,0x000000e62e300000)]
  0x0000029fff0020b0 JavaThread "Sweeper thread" daemon [_thread_blocked, id=25468, stack(0x000000e62e300000,0x000000e62e400000)]
  0x0000029fff057f90 JavaThread "Notification Thread" daemon [_thread_blocked, id=25500, stack(0x000000e62e400000,0x000000e62e500000)]
  0x0000029fff067e60 JavaThread "Common-Cleaner" daemon [_thread_blocked, id=25576, stack(0x000000e62e600000,0x000000e62e700000)]
  0x0000029fff234310 JavaThread "pool-1-thread-1" [_thread_blocked, id=22004, stack(0x000000e62e700000,0x000000e62e800000)]
  0x0000029fffadbaf0 JavaThread "Exec process" [_thread_in_native, id=20652, stack(0x000000e62e800000,0x000000e62e900000)]

Other Threads:
  0x0000029fe7a74210 VMThread "VM Thread" [stack: 0x000000e62da00000,0x000000e62db00000] [id=24080]
  0x0000029fff067bb0 WatcherThread "VM Periodic Task Thread" [stack: 0x000000e62e500000,0x000000e62e600000] [id=25568]
  0x0000029fe79fec40 WorkerThread "GC Thread#0" [stack: 0x000000e62d500000,0x000000e62d600000] [id=23984]
  0x0000029fff2fa6d0 WorkerThread "GC Thread#1" [stack: 0x000000e62d100000,0x000000e62d200000] [id=26156]
  0x0000029fff3a1c50 WorkerThread "GC Thread#2" [stack: 0x000000e62d200000,0x000000e62d300000] [id=1780]
  0x0000029fff345b20 WorkerThread "GC Thread#3" [stack: 0x000000e62d300000,0x000000e62d400000] [id=1124]
  0x0000029fe7a003a0 ConcurrentGCThread "G1 Main Marker" [stack: 0x000000e62d600000,0x000000e62d700000] [id=23988]
  0x0000029fe7a00f70 WorkerThread "G1 Conc#0" [stack: 0x000000e62d700000,0x000000e62d800000] [id=23992]
  0x0000029fe7a53520 ConcurrentGCThread "G1 Refine#0" [stack: 0x000000e62d800000,0x000000e62d900000] [id=24016]
  0x0000029fe7a55c20 ConcurrentGCThread "G1 Service" [stack: 0x000000e62d900000,0x000000e62da00000] [id=24024]

Threads with active compile tasks:
C2 CompilerThread0   871297 1615       4       java.nio.Buffer::checkIndex (9 bytes)

VM state: not at safepoint (normal execution)

VM Mutex/Monitor currently owned by a thread: None

Heap address: 0x00000000fc000000, size: 64 MB, Compressed Oops mode: 32-bit

CDS archive(s) mapped at: [0x0000000800000000-0x0000000800c40000-0x0000000800c40000), size 12845056, SharedBaseAddress: 0x0000000800000000, ArchiveRelocationMode: 0.
Compressed class space mapped at: 0x0000000801000000-0x0000000841000000, reserved size: 1073741824
Narrow klass base: 0x0000000800000000, Narrow klass shift: 0, Narrow klass range: 0x100000000

GC Precious Log:
 CardTable entry size: 512
 Card Set container configuration: InlinePtr #cards 5 size 8 Array Of Cards #cards 12 size 40 Howl #buckets 4 coarsen threshold 1843 Howl Bitmap #cards 512 size 80 coarsen threshold 460 Card regions per heap region 1 cards per card region 2048
 CPUs: 4 total, 4 available
 Memory: 8010M
 Large Page Support: Disabled
 NUMA Support: Disabled
 Compressed Oops: Enabled (32-bit)
 Heap Region Size: 1M
 Heap Min Capacity: 64M
 Heap Initial Capacity: 64M
 Heap Max Capacity: 64M
 Pre-touch: Disabled
 Parallel Workers: 4
 Concurrent Workers: 1
 Concurrent Refinement Workers: 4
 Periodic GC: Disabled

Heap:
 garbage-first heap   total 65536K, used 25262K [0x00000000fc000000, 0x0000000100000000)
  region size 1024K, 18 young (18432K), 2 survivors (2048K)
 Metaspace       used 9161K, committed 9472K, reserved 1114112K
  class space    used 1166K, committed 1344K, reserved 1048576K

Heap Regions: E=young(eden), S=young(survivor), O=old, HS=humongous(starts), HC=humongous(continues), CS=collection set, F=free, OA=open archive, CA=closed archive, TAMS=top-at-mark-start (previous, next)
|   0|0x00000000fc000000, 0x00000000fc100000, 0x00000000fc100000|100%| O|  |TAMS 0x00000000fc000000, 0x00000000fc000000| Untracked 
|   1|0x00000000fc100000, 0x00000000fc200000, 0x00000000fc200000|100%| O|  |TAMS 0x00000000fc100000, 0x00000000fc100000| Untracked 
|   2|0x00000000fc200000, 0x00000000fc300000, 0x00000000fc300000|100%|HS|  |TAMS 0x00000000fc200000, 0x00000000fc200000| Complete 
|   3|0x00000000fc300000, 0x00000000fc400000, 0x00000000fc400000|100%|HC|  |TAMS 0x00000000fc300000, 0x00000000fc300000| Complete 
|   4|0x00000000fc400000, 0x00000000fc500000, 0x00000000fc500000|100%|HC|  |TAMS 0x00000000fc400000, 0x00000000fc400000| Complete 
|   5|0x00000000fc500000, 0x00000000fc600000, 0x00000000fc600000|100%|HC|  |TAMS 0x00000000fc500000, 0x00000000fc500000| Complete 
|   6|0x00000000fc600000, 0x00000000fc700000, 0x00000000fc700000|100%| O|  |TAMS 0x00000000fc600000, 0x00000000fc600000| Untracked 
|   7|0x00000000fc700000, 0x00000000fc800000, 0x00000000fc800000|100%| O|  |TAMS 0x00000000fc700000, 0x00000000fc700000| Untracked 
|   8|0x00000000fc800000, 0x00000000fc8aba00, 0x00000000fc900000| 67%| O|  |TAMS 0x00000000fc800000, 0x00000000fc800000| Untracked 
|   9|0x00000000fc900000, 0x00000000fc900000, 0x00000000fca00000|  0%| F|  |TAMS 0x00000000fc900000, 0x00000000fc900000| Untracked 
|  10|0x00000000fca00000, 0x00000000fca00000, 0x00000000fcb00000|  0%| F|  |TAMS 0x00000000fca00000, 0x00000000fca00000| Untracked 
|  11|0x00000000fcb00000, 0x00000000fcb00000, 0x00000000fcc00000|  0%| F|  |TAMS 0x00000000fcb00000, 0x00000000fcb00000| Untracked 
|  12|0x00000000fcc00000, 0x00000000fcc00000, 0x00000000fcd00000|  0%| F|  |TAMS 0x00000000fcc00000, 0x00000000fcc00000| Untracked 
|  13|0x00000000fcd00000, 0x00000000fcd00000, 0x00000000fce00000|  0%| F|  |TAMS 0x00000000fcd00000, 0x00000000fcd00000| Untracked 
|  14|0x00000000fce00000, 0x00000000fce00000, 0x00000000fcf00000|  0%| F|  |TAMS 0x00000000fce00000, 0x00000000fce00000| Untracked 
|  15|0x00000000fcf00000, 0x00000000fcf00000, 0x00000000fd000000|  0%| F|  |TAMS 0x00000000fcf00000, 0x00000000fcf00000| Untracked 
|  16|0x00000000fd000000, 0x00000000fd000000, 0x00000000fd100000|  0%| F|  |TAMS 0x00000000fd000000, 0x00000000fd000000| Untracked 
|  17|0x00000000fd100000, 0x00000000fd100000, 0x00000000fd200000|  0%| F|  |TAMS 0x00000000fd100000, 0x00000000fd100000| Untracked 
|  18|0x00000000fd200000, 0x00000000fd200000, 0x00000000fd300000|  0%| F|  |TAMS 0x00000000fd200000, 0x00000000fd200000| Untracked 
|  19|0x00000000fd300000, 0x00000000fd300000, 0x00000000fd400000|  0%| F|  |TAMS 0x00000000fd300000, 0x00000000fd300000| Untracked 
|  20|0x00000000fd400000, 0x00000000fd400000, 0x00000000fd500000|  0%| F|  |TAMS 0x00000000fd400000, 0x00000000fd400000| Untracked 
|  21|0x00000000fd500000, 0x00000000fd500000, 0x00000000fd600000|  0%| F|  |TAMS 0x00000000fd500000, 0x00000000fd500000| Untracked 
|  22|0x00000000fd600000, 0x00000000fd600000, 0x00000000fd700000|  0%| F|  |TAMS 0x00000000fd600000, 0x00000000fd600000| Untracked 
|  23|0x00000000fd700000, 0x00000000fd700000, 0x00000000fd800000|  0%| F|  |TAMS 0x00000000fd700000, 0x00000000fd700000| Untracked 
|  24|0x00000000fd800000, 0x00000000fd800000, 0x00000000fd900000|  0%| F|  |TAMS 0x00000000fd800000, 0x00000000fd800000| Untracked 
|  25|0x00000000fd900000, 0x00000000fd900000, 0x00000000fda00000|  0%| F|  |TAMS 0x00000000fd900000, 0x00000000fd900000| Untracked 
|  26|0x00000000fda00000, 0x00000000fda00000, 0x00000000fdb00000|  0%| F|  |TAMS 0x00000000fda00000, 0x00000000fda00000| Untracked 
|  27|0x00000000fdb00000, 0x00000000fdb00000, 0x00000000fdc00000|  0%| F|  |TAMS 0x00000000fdb00000, 0x00000000fdb00000| Untracked 
|  28|0x00000000fdc00000, 0x00000000fdc00000, 0x00000000fdd00000|  0%| F|  |TAMS 0x00000000fdc00000, 0x00000000fdc00000| Untracked 
|  29|0x00000000fdd00000, 0x00000000fdd00000, 0x00000000fde00000|  0%| F|  |TAMS 0x00000000fdd00000, 0x00000000fdd00000| Untracked 
|  30|0x00000000fde00000, 0x00000000fde00000, 0x00000000fdf00000|  0%| F|  |TAMS 0x00000000fde00000, 0x00000000fde00000| Untracked 
|  31|0x00000000fdf00000, 0x00000000fdf00000, 0x00000000fe000000|  0%| F|  |TAMS 0x00000000fdf00000, 0x00000000fdf00000| Untracked 
|  32|0x00000000fe000000, 0x00000000fe000000, 0x00000000fe100000|  0%| F|  |TAMS 0x00000000fe000000, 0x00000000fe000000| Untracked 
|  33|0x00000000fe100000, 0x00000000fe100000, 0x00000000fe200000|  0%| F|  |TAMS 0x00000000fe100000, 0x00000000fe100000| Untracked 
|  34|0x00000000fe200000, 0x00000000fe200000, 0x00000000fe300000|  0%| F|  |TAMS 0x00000000fe200000, 0x00000000fe200000| Untracked 
|  35|0x00000000fe300000, 0x00000000fe300000, 0x00000000fe400000|  0%| F|  |TAMS 0x00000000fe300000, 0x00000000fe300000| Untracked 
|  36|0x00000000fe400000, 0x00000000fe400000, 0x00000000fe500000|  0%| F|  |TAMS 0x00000000fe400000, 0x00000000fe400000| Untracked 
|  37|0x00000000fe500000, 0x00000000fe500000, 0x00000000fe600000|  0%| F|  |TAMS 0x00000000fe500000, 0x00000000fe500000| Untracked 
|  38|0x00000000fe600000, 0x00000000fe600000, 0x00000000fe700000|  0%| F|  |TAMS 0x00000000fe600000, 0x00000000fe600000| Untracked 
|  39|0x00000000fe700000, 0x00000000fe700000, 0x00000000fe800000|  0%| F|  |TAMS 0x00000000fe700000, 0x00000000fe700000| Untracked 
|  40|0x00000000fe800000, 0x00000000fe800000, 0x00000000fe900000|  0%| F|  |TAMS 0x00000000fe800000, 0x00000000fe800000| Untracked 
|  41|0x00000000fe900000, 0x00000000fe900000, 0x00000000fea00000|  0%| F|  |TAMS 0x00000000fe900000, 0x00000000fe900000| Untracked 
|  42|0x00000000fea00000, 0x00000000fea00000, 0x00000000feb00000|  0%| F|  |TAMS 0x00000000fea00000, 0x00000000fea00000| Untracked 
|  43|0x00000000feb00000, 0x00000000feb00000, 0x00000000fec00000|  0%| F|  |TAMS 0x00000000feb00000, 0x00000000feb00000| Untracked 
|  44|0x00000000fec00000, 0x00000000fec00000, 0x00000000fed00000|  0%| F|  |TAMS 0x00000000fec00000, 0x00000000fec00000| Untracked 
|  45|0x00000000fed00000, 0x00000000fed00000, 0x00000000fee00000|  0%| F|  |TAMS 0x00000000fed00000, 0x00000000fed00000| Untracked 
|  46|0x00000000fee00000, 0x00000000fee0b998, 0x00000000fef00000|  4%| E|  |TAMS 0x00000000fee00000, 0x00000000fee00000| Complete 
|  47|0x00000000fef00000, 0x00000000ff000000, 0x00000000ff000000|100%| S|CS|TAMS 0x00000000fef00000, 0x00000000fef00000| Complete 
|  48|0x00000000ff000000, 0x00000000ff100000, 0x00000000ff100000|100%| S|CS|TAMS 0x00000000ff000000, 0x00000000ff000000| Complete 
|  49|0x00000000ff100000, 0x00000000ff200000, 0x00000000ff200000|100%| E|CS|TAMS 0x00000000ff100000, 0x00000000ff100000| Complete 
|  50|0x00000000ff200000, 0x00000000ff300000, 0x00000000ff300000|100%| E|CS|TAMS 0x00000000ff200000, 0x00000000ff200000| Complete 
|  51|0x00000000ff300000, 0x00000000ff400000, 0x00000000ff400000|100%| E|CS|TAMS 0x00000000ff300000, 0x00000000ff300000| Complete 
|  52|0x00000000ff400000, 0x00000000ff500000, 0x00000000ff500000|100%| E|CS|TAMS 0x00000000ff400000, 0x00000000ff400000| Complete 
|  53|0x00000000ff500000, 0x00000000ff600000, 0x00000000ff600000|100%| E|CS|TAMS 0x00000000ff500000, 0x00000000ff500000| Complete 
|  54|0x00000000ff600000, 0x00000000ff700000, 0x00000000ff700000|100%| E|CS|TAMS 0x00000000ff600000, 0x00000000ff600000| Complete 
|  55|0x00000000ff700000, 0x00000000ff800000, 0x00000000ff800000|100%| E|  |TAMS 0x00000000ff700000, 0x00000000ff700000| Complete 
|  56|0x00000000ff800000, 0x00000000ff900000, 0x00000000ff900000|100%| E|CS|TAMS 0x00000000ff800000, 0x00000000ff800000| Complete 
|  57|0x00000000ff900000, 0x00000000ffa00000, 0x00000000ffa00000|100%| E|CS|TAMS 0x00000000ff900000, 0x00000000ff900000| Complete 
|  58|0x00000000ffa00000, 0x00000000ffb00000, 0x00000000ffb00000|100%| E|CS|TAMS 0x00000000ffa00000, 0x00000000ffa00000| Complete 
|  59|0x00000000ffb00000, 0x00000000ffc00000, 0x00000000ffc00000|100%| E|CS|TAMS 0x00000000ffb00000, 0x00000000ffb00000| Complete 
|  60|0x00000000ffc00000, 0x00000000ffd00000, 0x00000000ffd00000|100%| E|CS|TAMS 0x00000000ffc00000, 0x00000000ffc00000| Complete 
|  61|0x00000000ffd00000, 0x00000000ffe00000, 0x00000000ffe00000|100%| E|CS|TAMS 0x00000000ffd00000, 0x00000000ffd00000| Complete 
|  62|0x00000000ffe00000, 0x00000000fff00000, 0x00000000fff00000|100%| E|CS|TAMS 0x00000000ffe00000, 0x00000000ffe00000| Complete 
|  63|0x00000000fff00000, 0x0000000100000000, 0x0000000100000000|100%| E|CS|TAMS 0x00000000fff00000, 0x00000000fff00000| Complete 

Card table byte_map: [0x0000029fe59b0000,0x0000029fe59d0000] _byte_map_base: 0x0000029fe51d0000

Marking Bits (Prev, Next): (CMBitMap*) 0x0000029fe79ff270, (CMBitMap*) 0x0000029fe79ff2b0
 Prev Bits: [0x0000029fe77d0000, 0x0000029fe78d0000)
 Next Bits: [0x0000029ffe940000, 0x0000029ffea40000)

Polling page: 0x0000029fe5960000

Metaspace:

Usage:
  Non-class:      7.81 MB used.
      Class:      1.14 MB used.
       Both:      8.95 MB used.

Virtual space:
  Non-class space:       64.00 MB reserved,       7.94 MB ( 12%) committed,  1 nodes.
      Class space:        1.00 GB reserved,       1.31 MB ( <1%) committed,  1 nodes.
             Both:        1.06 GB reserved,       9.25 MB ( <1%) committed. 

Chunk freelists:
   Non-Class:  3.97 MB
       Class:  2.60 MB
        Both:  6.57 MB

MaxMetaspaceSize: unlimited
CompressedClassSpaceSize: 1.00 GB
Initial GC threshold: 21.00 MB
Current GC threshold: 21.00 MB
CDS: on
MetaspaceReclaimPolicy: balanced
 - commit_granule_bytes: 65536.
 - commit_granule_words: 8192.
 - virtual_space_node_default_size: 8388608.
 - enlarge_chunks_in_place: 1.
 - new_chunks_are_fully_committed: 0.
 - uncommit_free_chunks: 1.
 - use_allocation_guard: 0.


Internal statistics:

num_allocs_failed_limit: 0.
num_arena_births: 210.
num_arena_deaths: 0.
num_vsnodes_births: 2.
num_vsnodes_deaths: 0.
num_space_committed: 148.
num_space_uncommitted: 0.
num_chunks_returned_to_freelist: 0.
num_chunks_taken_from_freelist: 451.
num_chunk_merges: 0.
num_chunk_splits: 298.
num_chunks_enlarged: 220.
num_inconsistent_stats: 0.

CodeHeap 'non-profiled nmethods': size=120000Kb used=632Kb max_used=632Kb free=119367Kb
 bounds [0x0000029ff7410000, 0x0000029ff7680000, 0x0000029ffe940000]
CodeHeap 'profiled nmethods': size=120000Kb used=3034Kb max_used=3034Kb free=116965Kb
 bounds [0x0000029fef940000, 0x0000029fefc40000, 0x0000029ff6e70000]
CodeHeap 'non-nmethods': size=5760Kb used=1267Kb max_used=1284Kb free=4492Kb
 bounds [0x0000029ff6e70000, 0x0000029ff70e0000, 0x0000029ff7410000]
 total_blobs=2101 nmethods=1614 adapters=398
 compilation: enabled
              stopped_count=0, restarted_count=0
 full_count=0

Compilation events (20 events):
Event: 757.518 Thread 0x0000029ffeffa700 1603       3       java.lang.Class::descriptorString (170 bytes)
Event: 757.519 Thread 0x0000029ffeffa700 nmethod 1603 0x0000029fefc30e10 code [0x0000029fefc31280, 0x0000029fefc32be8]
Event: 757.906 Thread 0x0000029ffeffa700 1604       3       java.lang.invoke.MethodType::changeReturnType (20 bytes)
Event: 757.906 Thread 0x0000029ffeffa700 nmethod 1604 0x0000029fefc33610 code [0x0000029fefc337c0, 0x0000029fefc33988]
Event: 757.910 Thread 0x0000029ffeffa700 1605       3       java.lang.StringUTF16::getChar (60 bytes)
Event: 757.911 Thread 0x0000029ffeffa700 nmethod 1605 0x0000029fefc33a10 code [0x0000029fefc33bc0, 0x0000029fefc33d38]
Event: 757.911 Thread 0x0000029fe7a92ee0 1606       4       java.lang.StringUTF16::getChar (60 bytes)
Event: 757.911 Thread 0x0000029fe7a92ee0 nmethod 1606 0x0000029ff74a9510 code [0x0000029ff74a96a0, 0x0000029ff74a9778]
Event: 769.248 Thread 0x0000029ffeffa700 1607   !   3       java.util.concurrent.ThreadPoolExecutor::getTask (177 bytes)
Event: 769.249 Thread 0x0000029ffeffa700 nmethod 1607 0x0000029fefc33e10 code [0x0000029fefc340a0, 0x0000029fefc34f78]
Event: 775.653 Thread 0x0000029fe7a92ee0 1608   !   4       java.util.concurrent.locks.AbstractQueuedSynchronizer::acquire (407 bytes)
Event: 775.667 Thread 0x0000029fe7a92ee0 nmethod 1608 0x0000029ff74a9890 code [0x0000029ff74a9a40, 0x0000029ff74a9f68]
Event: 854.831 Thread 0x0000029fe7a92ee0 1609       4       java.util.concurrent.ScheduledThreadPoolExecutor$ScheduledFutureTask::run (57 bytes)
Event: 855.093 Thread 0x0000029fe7a92ee0 nmethod 1609 0x0000029ff74aa290 code [0x0000029ff74aa520, 0x0000029ff74ab6c0]
Event: 855.093 Thread 0x0000029fe7a92ee0 1610   !   4       java.util.concurrent.FutureTask::runAndReset (125 bytes)
Event: 855.110 Thread 0x0000029fe7a92ee0 nmethod 1610 0x0000029ff74ac710 code [0x0000029ff74ac920, 0x0000029ff74ad080]
Event: 855.110 Thread 0x0000029fe7a92ee0 1611       4       java.util.concurrent.Executors$RunnableAdapter::call (14 bytes)
Event: 855.116 Thread 0x0000029fe7a92ee0 nmethod 1611 0x0000029ff74ad790 code [0x0000029ff74ad980, 0x0000029ff74ade28]
Event: 863.639 Thread 0x0000029ffeffa700 1612       3       java.nio.CharBuffer::charAt (16 bytes)
Event: 863.639 Thread 0x0000029fe7a92ee0 1615       4       java.nio.Buffer::checkIndex (9 bytes)

GC Heap History (4 events):
Event: 73.427 GC heap before
{Heap before GC invocations=0 (full 0):
 garbage-first heap   total 65536K, used 13312K [0x00000000fc000000, 0x0000000100000000)
  region size 1024K, 13 young (13312K), 0 survivors (0K)
 Metaspace       used 1825K, committed 1984K, reserved 1114112K
  class space    used 165K, committed 256K, reserved 1048576K
}
Event: 73.997 GC heap after
{Heap after GC invocations=1 (full 0):
 garbage-first heap   total 65536K, used 3216K [0x00000000fc000000, 0x0000000100000000)
  region size 1024K, 2 young (2048K), 2 survivors (2048K)
 Metaspace       used 1825K, committed 1984K, reserved 1114112K
  class space    used 165K, committed 256K, reserved 1048576K
}
Event: 224.071 GC heap before
{Heap before GC invocations=1 (full 0):
 garbage-first heap   total 65536K, used 19600K [0x00000000fc000000, 0x0000000100000000)
  region size 1024K, 15 young (15360K), 2 survivors (2048K)
 Metaspace       used 5100K, committed 5376K, reserved 1114112K
  class space    used 659K, committed 768K, reserved 1048576K
}
Event: 224.076 GC heap after
{Heap after GC invocations=2 (full 0):
 garbage-first heap   total 65536K, used 10926K [0x00000000fc000000, 0x0000000100000000)
  region size 1024K, 2 young (2048K), 2 survivors (2048K)
 Metaspace       used 5100K, committed 5376K, reserved 1114112K
  class space    used 659K, committed 768K, reserved 1048576K
}

Dll operation events (12 events):
Event: 2.694 Loaded shared library D:\full tension not java\bin\java.dll
Event: 2.921 Loaded shared library D:\full tension not java\bin\jsvml.dll
Event: 5.288 Loaded shared library D:\full tension not java\bin\net.dll
Event: 5.506 Loaded shared library D:\full tension not java\bin\nio.dll
Event: 5.514 Loaded shared library D:\full tension not java\bin\zip.dll
Event: 70.269 Loaded shared library D:\full tension not java\bin\jimage.dll
Event: 76.618 Loaded shared library D:\full tension not java\bin\verify.dll
Event: 169.392 Loaded shared library C:\Users\Rafay\.gradle\native\68d5fa5c4cc2d200863cafc0d521ce42e7d3e7ee720ec0a83991735586a16f82\windows-amd64\native-platform.dll
Event: 248.394 Loaded shared library D:\full tension not java\bin\management.dll
Event: 248.398 Loaded shared library D:\full tension not java\bin\management_ext.dll
Event: 368.034 Loaded shared library D:\full tension not java\bin\extnet.dll
Event: 406.542 Loaded shared library D:\full tension not java\bin\sunmscapi.dll

Deoptimization events (20 events):
Event: 757.912 Thread 0x0000029fffadbaf0 Uncommon trap: trap_request=0xffffff45 fr.pc=0x0000029ff748db68 relative=0x0000000000000428
Event: 757.912 Thread 0x0000029fffadbaf0 Uncommon trap: reason=unstable_if action=reinterpret pc=0x0000029ff748db68 method=java.lang.AbstractStringBuilder.inflateIfNeededFor(Ljava/lang/String;)V @ 14 c2
Event: 757.912 Thread 0x0000029fffadbaf0 DEOPT PACKING pc=0x0000029ff748db68 sp=0x000000e62e8ff1f0
Event: 757.912 Thread 0x0000029fffadbaf0 DEOPT UNPACKING pc=0x0000029ff6ed6da3 sp=0x000000e62e8ff090 mode 2
Event: 757.912 Thread 0x0000029fffadbaf0 Uncommon trap: trap_request=0xffffff45 fr.pc=0x0000029ff748b9dc relative=0x000000000000041c
Event: 757.912 Thread 0x0000029fffadbaf0 Uncommon trap: reason=unstable_if action=reinterpret pc=0x0000029ff748b9dc method=java.lang.AbstractStringBuilder.inflateIfNeededFor(Ljava/lang/String;)V @ 14 c2
Event: 757.912 Thread 0x0000029fffadbaf0 DEOPT PACKING pc=0x0000029ff748b9dc sp=0x000000e62e8ff190
Event: 757.912 Thread 0x0000029fffadbaf0 DEOPT UNPACKING pc=0x0000029ff6ed6da3 sp=0x000000e62e8ff098 mode 2
Event: 757.912 Thread 0x0000029fffadbaf0 Uncommon trap: trap_request=0xffffff45 fr.pc=0x0000029ff74498e0 relative=0x00000000000000c0
Event: 757.912 Thread 0x0000029fffadbaf0 Uncommon trap: reason=unstable_if action=reinterpret pc=0x0000029ff74498e0 method=java.lang.String.getBytes([BIB)V @ 5 c2
Event: 757.912 Thread 0x0000029fffadbaf0 DEOPT PACKING pc=0x0000029ff74498e0 sp=0x000000e62e8ff0b0
Event: 757.912 Thread 0x0000029fffadbaf0 DEOPT UNPACKING pc=0x0000029ff6ed6da3 sp=0x000000e62e8ff078 mode 2
Event: 757.912 Thread 0x0000029fffadbaf0 Uncommon trap: trap_request=0xffffff45 fr.pc=0x0000029ff747c340 relative=0x00000000000003a0
Event: 757.912 Thread 0x0000029fffadbaf0 Uncommon trap: reason=unstable_if action=reinterpret pc=0x0000029ff747c340 method=java.lang.AbstractStringBuilder.isLatin1()Z @ 10 c2
Event: 757.912 Thread 0x0000029fffadbaf0 DEOPT PACKING pc=0x0000029ff747c340 sp=0x000000e62e8ff210
Event: 757.912 Thread 0x0000029fffadbaf0 DEOPT UNPACKING pc=0x0000029ff6ed6da3 sp=0x000000e62e8ff098 mode 2
Event: 863.635 Thread 0x0000029fffadbaf0 Uncommon trap: trap_request=0xffffff45 fr.pc=0x0000029ff741db4c relative=0x00000000000000ac
Event: 863.635 Thread 0x0000029fffadbaf0 Uncommon trap: reason=unstable_if action=reinterpret pc=0x0000029ff741db4c method=java.lang.String.codePointAt(I)I @ 4 c2
Event: 863.635 Thread 0x0000029fffadbaf0 DEOPT PACKING pc=0x0000029ff741db4c sp=0x000000e62e8ff1a0
Event: 863.635 Thread 0x0000029fffadbaf0 DEOPT UNPACKING pc=0x0000029ff6ed6da3 sp=0x000000e62e8ff128 mode 2

Classes loaded (20 events):
Event: 756.516 Loading class jdk/internal/event/ProcessStartEvent
Event: 756.583 Loading class jdk/internal/event/ProcessStartEvent done
Event: 756.734 Loading class java/util/Scanner
Event: 757.052 Loading class java/util/Scanner done
Event: 757.057 Loading class sun/nio/cs/StreamDecoder
Event: 757.057 Loading class sun/nio/cs/StreamDecoder done
Event: 757.057 Loading class java/util/Scanner$PatternLRUCache
Event: 757.131 Loading class java/util/Scanner$PatternLRUCache done
Event: 757.514 Loading class sun/text/resources/cldr/FormatData_en
Event: 757.514 Loading class sun/text/resources/cldr/FormatData_en done
Event: 757.515 Loading class sun/text/resources/cldr/FormatData_en_US
Event: 757.515 Loading class sun/text/resources/cldr/FormatData_en_US done
Event: 757.912 Loading class java/io/PrintWriter
Event: 758.033 Loading class java/io/PrintWriter done
Event: 758.033 Loading class java/io/PrintWriter$1
Event: 758.033 Loading class jdk/internal/access/JavaIOPrintWriterAccess
Event: 758.033 Loading class jdk/internal/access/JavaIOPrintWriterAccess done
Event: 758.033 Loading class java/io/PrintWriter$1 done
Event: 863.636 Loading class java/util/regex/Matcher$ImmutableMatchResult
Event: 863.636 Loading class java/util/regex/Matcher$ImmutableMatchResult done

Classes unloaded (0 events):
No events

Classes redefined (0 events):
No events

Internal exceptions (20 events):
Event: 152.654 Thread 0x0000029fe79d8160 Exception <a 'java/lang/NoSuchMethodError'{0x00000000ff754e18}: 'java.lang.Object java.lang.invoke.DirectMethodHandle$Holder.invokeVirtual(java.lang.Object, java.lang.Object, java.lang.Object, java.lang.Object, java.lang.Object, java.lang.Object, java.lang.Object)'> (0x00000000ff754e18) 
thrown [s\open\src\hotspot\share\interpreter\linkResolver.cpp, line 774]
Event: 169.367 Thread 0x0000029fe79d8160 Exception <a 'java/lang/NoSuchMethodError'{0x00000000ff768ad8}: 'java.lang.Object java.lang.invoke.DirectMethodHandle$Holder.invokeStatic(java.lang.Object, java.lang.Object, int)'> (0x00000000ff768ad8) 
thrown [s\open\src\hotspot\share\interpreter\linkResolver.cpp, line 774]
Event: 169.368 Thread 0x0000029fe79d8160 Exception <a 'java/lang/NoSuchMethodError'{0x00000000ff774e10}: 'void java.lang.invoke.DelegatingMethodHandle$Holder.delegate(java.lang.Object, java.lang.Object, int, java.lang.Object)'> (0x00000000ff774e10) 
thrown [s\open\src\hotspot\share\interpreter\linkResolver.cpp, line 774]
Event: 169.368 Thread 0x0000029fe79d8160 Exception <a 'java/lang/NoSuchMethodError'{0x00000000ff778f70}: 'int java.lang.invoke.DirectMethodHandle$Holder.invokeSpecial(java.lang.Object, java.lang.Object, java.lang.Object)'> (0x00000000ff778f70) 
thrown [s\open\src\hotspot\share\interpreter\linkResolver.cpp, line 774]
Event: 169.398 Thread 0x0000029fe79d8160 Exception <a 'java/lang/NoSuchMethodError'{0x00000000ff6124e0}: 'java.lang.Object java.lang.invoke.DirectMethodHandle$Holder.invokeVirtual(java.lang.Object, java.lang.Object, java.lang.Object)'> (0x00000000ff6124e0) 
thrown [s\open\src\hotspot\share\interpreter\linkResolver.cpp, line 774]
Event: 202.039 Thread 0x0000029fe79d8160 Exception <a 'java/lang/NoSuchMethodError'{0x00000000ff435f10}: 'java.lang.Object java.lang.invoke.DirectMethodHandle$Holder.invokeVirtual(java.lang.Object, java.lang.Object, java.lang.Object, java.lang.Object)'> (0x00000000ff435f10) 
thrown [s\open\src\hotspot\share\interpreter\linkResolver.cpp, line 774]
Event: 203.634 Thread 0x0000029fe79d8160 Exception <a 'java/lang/NoSuchMethodError'{0x00000000ff4b0970}: 'java.lang.Object java.lang.invoke.DirectMethodHandle$Holder.invokeVirtual(java.lang.Object, java.lang.Object, java.lang.Object, java.lang.Object, java.lang.Object, java.lang.Object)'> (0x00000000ff4b0970) 
thrown [s\open\src\hotspot\share\interpreter\linkResolver.cpp, line 774]
Event: 241.067 Thread 0x0000029fe79d8160 Exception <a 'java/lang/NoSuchMethodError'{0x00000000ffe0f858}: 'java.lang.Object java.lang.invoke.DirectMethodHandle$Holder.invokeStaticInit(java.lang.Object)'> (0x00000000ffe0f858) 
thrown [s\open\src\hotspot\share\interpreter\linkResolver.cpp, line 774]
Event: 254.888 Thread 0x0000029fe79d8160 Exception <a 'java/lang/NoSuchMethodError'{0x00000000ffd83690}: 'java.lang.Object java.lang.invoke.DirectMethodHandle$Holder.invokeVirtual(java.lang.Object, java.lang.Object, java.lang.Object, java.lang.Object, java.lang.Object)'> (0x00000000ffd83690) 
thrown [s\open\src\hotspot\share\interpreter\linkResolver.cpp, line 774]
Event: 254.889 Thread 0x0000029fe79d8160 Exception <a 'java/lang/NoSuchMethodError'{0x00000000ffd97cd0}: 'java.lang.Object java.lang.invoke.Invokers$Holder.invokeExact_MT(java.lang.Object, java.lang.Object, java.lang.Object, java.lang.Object, java.lang.Object, java.lang.Object)'> (0x00000000ffd97cd0) 
thrown [s\open\src\hotspot\share\interpreter\linkResolver.cpp, line 774]
Event: 265.125 Thread 0x0000029fe79d8160 Exception <a 'java/lang/NoSuchMethodError'{0x00000000ffb35800}: 'java.lang.Object java.lang.invoke.DirectMethodHandle$Holder.invokeVirtual(java.lang.Object, java.lang.Object, java.lang.Object, java.lang.Object, java.lang.Object, java.lang.Object, java.lang.Object, java.lang.Object)'> (0x00000000ffb35800) 
thrown [s\open\src\hotspot\share\interpreter\linkResolver.cpp, line 774]
Event: 291.681 Thread 0x0000029fe79d8160 Exception <a 'java/lang/NoSuchMethodError'{0x00000000ffa60c70}: 'java.lang.Object java.lang.invoke.DirectMethodHandle$Holder.invokeStaticInit(java.lang.Object, int, int, int, int)'> (0x00000000ffa60c70) 
thrown [s\open\src\hotspot\share\interpreter\linkResolver.cpp, line 774]
Event: 361.533 Thread 0x0000029fe79d8160 Exception <a 'java/lang/NoSuchMethodError'{0x00000000ff93b908}: 'java.lang.Object java.lang.invoke.DirectMethodHandle$Holder.invokeStaticInit(java.lang.Object, java.lang.Object, int, int, int, int)'> (0x00000000ff93b908) 
thrown [s\open\src\hotspot\share\interpreter\linkResolver.cpp, line 774]
Event: 371.261 Thread 0x0000029fe79d8160 Implicit null exception at 0x0000029ff744ee72 to 0x0000029ff744f32c
Event: 371.261 Thread 0x0000029fe79d8160 Implicit null exception at 0x0000029ff744f8f2 to 0x0000029ff744fda4
Event: 371.264 Thread 0x0000029fe79d8160 Exception <a 'java/lang/NoSuchMethodError'{0x00000000ff80c4d8}: 'void java.lang.invoke.DirectMethodHandle$Holder.invokeInterface(java.lang.Object, java.lang.Object, java.lang.Object)'> (0x00000000ff80c4d8) 
thrown [s\open\src\hotspot\share\interpreter\linkResolver.cpp, line 774]
Event: 756.244 Thread 0x0000029fffadbaf0 Exception <a 'java/lang/NoSuchMethodError'{0x00000000ff10dfe8}: 'void java.lang.invoke.DirectMethodHandle$Holder.invokeStatic(java.lang.Object, long)'> (0x00000000ff10dfe8) 
thrown [s\open\src\hotspot\share\interpreter\linkResolver.cpp, line 774]
Event: 756.245 Thread 0x0000029fffadbaf0 Exception <a 'java/lang/NoSuchMethodError'{0x00000000ff1136a0}: 'java.lang.Object java.lang.invoke.DirectMethodHandle$Holder.newInvokeSpecial(java.lang.Object, long)'> (0x00000000ff1136a0) 
thrown [s\open\src\hotspot\share\interpreter\linkResolver.cpp, line 774]
Event: 756.515 Thread 0x0000029fffadbaf0 Exception <a 'java/lang/NoSuchMethodError'{0x00000000ff125f60}: 'java.lang.Object java.lang.invoke.DirectMethodHandle$Holder.invokeStatic(java.lang.Object, long, java.lang.Object)'> (0x00000000ff125f60) 
thrown [s\open\src\hotspot\share\interpreter\linkResolver.cpp, line 774]
Event: 756.515 Thread 0x0000029fffadbaf0 Exception <a 'java/lang/NoSuchMethodError'{0x00000000ff129990}: 'java.lang.Object java.lang.invoke.DirectMethodHandle$Holder.invokeStaticInit(java.lang.Object, long, java.lang.Object)'> (0x00000000ff129990) 
thrown [s\open\src\hotspot\share\interpreter\linkResolver.cpp, line 774]

VM Operations (20 events):
Event: 719.041 Executing VM operation: Cleanup
Event: 719.041 Executing VM operation: Cleanup done
Event: 724.062 Executing VM operation: Cleanup
Event: 724.062 Executing VM operation: Cleanup done
Event: 726.992 Executing VM operation: HandshakeAllThreads
Event: 726.992 Executing VM operation: HandshakeAllThreads done
Event: 726.992 Executing VM operation: Cleanup
Event: 726.992 Executing VM operation: Cleanup done
Event: 740.081 Executing VM operation: Cleanup
Event: 740.081 Executing VM operation: Cleanup done
Event: 756.734 Executing VM operation: HandshakeAllThreads
Event: 756.734 Executing VM operation: HandshakeAllThreads done
Event: 756.734 Executing VM operation: Cleanup
Event: 756.734 Executing VM operation: Cleanup done
Event: 757.746 Executing VM operation: Cleanup
Event: 757.902 Executing VM operation: Cleanup done
Event: 757.907 Executing VM operation: HandshakeAllThreads
Event: 757.907 Executing VM operation: HandshakeAllThreads done
Event: 758.908 Executing VM operation: Cleanup
Event: 758.908 Executing VM operation: Cleanup done

Events (18 events):
Event: 2.922 Thread 0x0000029fe79d8160 Thread added: 0x0000029fe79d8160
Event: 4.176 Thread 0x0000029fe7a8b6b0 Thread added: 0x0000029fe7a8b6b0
Event: 4.176 Thread 0x0000029fe7a8c640 Thread added: 0x0000029fe7a8c640
Event: 4.176 Thread 0x0000029fe7a8d430 Thread added: 0x0000029fe7a8d430
Event: 4.177 Thread 0x0000029fe7a8fe70 Thread added: 0x0000029fe7a8fe70
Event: 4.177 Thread 0x0000029fe7a90940 Thread added: 0x0000029fe7a90940
Event: 4.177 Thread 0x0000029fe7a91270 Thread added: 0x0000029fe7a91270
Event: 4.177 Thread 0x0000029fe7a92ee0 Thread added: 0x0000029fe7a92ee0
Event: 4.280 Thread 0x0000029ffeffa700 Thread added: 0x0000029ffeffa700
Event: 4.338 Thread 0x0000029fff0020b0 Thread added: 0x0000029fff0020b0
Event: 4.396 Thread 0x0000029fff057f90 Thread added: 0x0000029fff057f90
Event: 4.984 Thread 0x0000029fff067e60 Thread added: 0x0000029fff067e60
Event: 189.148 Thread 0x0000029fff234310 Thread added: 0x0000029fff234310
Event: 727.034 Thread 0x0000029fffadbaf0 Thread added: 0x0000029fffadbaf0
Event: 756.584 Thread 0x0000029fffadc030 Thread added: 0x0000029fffadc030
Event: 756.585 Thread 0x0000029fffb45410 Thread added: 0x0000029fffb45410
Event: 756.587 Thread 0x0000029fffadc030 Thread exited: 0x0000029fffadc030
Event: 816.598 Thread 0x0000029fffb45410 Thread exited: 0x0000029fffb45410


Dynamic libraries:
0x00007ff747cb0000 - 0x00007ff747cc0000 	D:\full tension not java\bin\java.exe
0x00007ffeea030000 - 0x00007ffeea228000 	C:\WINDOWS\SYSTEM32\ntdll.dll
0x00007ffee9a70000 - 0x00007ffee9b2d000 	C:\WINDOWS\System32\KERNEL32.DLL
0x00007ffee7910000 - 0x00007ffee7c06000 	C:\WINDOWS\System32\KERNELBASE.dll
0x00007ffee7810000 - 0x00007ffee7910000 	C:\WINDOWS\System32\ucrtbase.dll
0x00007ffedf100000 - 0x00007ffedf11b000 	D:\full tension not java\bin\VCRUNTIME140.dll
0x00007ffedf0c0000 - 0x00007ffedf0d8000 	D:\full tension not java\bin\jli.dll
0x00007ffee94a0000 - 0x00007ffee9553000 	C:\WINDOWS\System32\ADVAPI32.dll
0x00007ffee9560000 - 0x00007ffee95fe000 	C:\WINDOWS\System32\msvcrt.dll
0x00007ffee9f20000 - 0x00007ffee9fbf000 	C:\WINDOWS\System32\sechost.dll
0x00007ffee9370000 - 0x00007ffee9496000 	C:\WINDOWS\System32\RPCRT4.dll
0x00007ffee7770000 - 0x00007ffee7797000 	C:\WINDOWS\System32\bcrypt.dll
0x00007ffee9b30000 - 0x00007ffee9cce000 	C:\WINDOWS\System32\USER32.dll
0x00007ffee7da0000 - 0x00007ffee7dc2000 	C:\WINDOWS\System32\win32u.dll
0x00007ffed9f80000 - 0x00007ffeda21a000 	C:\WINDOWS\WinSxS\amd64_microsoft.windows.common-controls_6595b64144ccf1df_6.0.19041.3636_none_60b6a03d71f818d5\COMCTL32.dll
0x00007ffee8960000 - 0x00007ffee898c000 	C:\WINDOWS\System32\GDI32.dll
0x00007ffee7f30000 - 0x00007ffee804a000 	C:\WINDOWS\System32\gdi32full.dll
0x00007ffee76d0000 - 0x00007ffee776d000 	C:\WINDOWS\System32\msvcp_win.dll
0x00007ffedc920000 - 0x00007ffedc92a000 	C:\WINDOWS\SYSTEM32\VERSION.dll
0x00007ffee8930000 - 0x00007ffee8960000 	C:\WINDOWS\System32\IMM32.DLL
0x00007ffee40a0000 - 0x00007ffee40ac000 	D:\full tension not java\bin\vcruntime140_1.dll
0x00007ffeac060000 - 0x00007ffeac0ee000 	D:\full tension not java\bin\msvcp140.dll
0x00007ffe83540000 - 0x00007ffe84200000 	D:\full tension not java\bin\server\jvm.dll
0x00007ffee2520000 - 0x00007ffee2529000 	C:\WINDOWS\SYSTEM32\WSOCK32.dll
0x00007ffee9eb0000 - 0x00007ffee9f1b000 	C:\WINDOWS\System32\WS2_32.dll
0x00007ffed74d0000 - 0x00007ffed74f7000 	C:\WINDOWS\SYSTEM32\WINMM.dll
0x00007ffee52d0000 - 0x00007ffee52e2000 	C:\WINDOWS\SYSTEM32\kernel.appcore.dll
0x00007ffee2510000 - 0x00007ffee251a000 	D:\full tension not java\bin\jimage.dll
0x00007ffec7600000 - 0x00007ffec77e4000 	C:\WINDOWS\SYSTEM32\DBGHELP.DLL
0x00007ffec50f0000 - 0x00007ffec5124000 	C:\WINDOWS\SYSTEM32\dbgcore.DLL
0x00007ffee7d10000 - 0x00007ffee7d92000 	C:\WINDOWS\System32\bcryptPrimitives.dll
0x00007ffedf080000 - 0x00007ffedf0a6000 	D:\full tension not java\bin\java.dll
0x00007ffe91700000 - 0x00007ffe917d7000 	D:\full tension not java\bin\jsvml.dll
0x00007ffee81e0000 - 0x00007ffee8925000 	C:\WINDOWS\System32\SHELL32.dll
0x00007ffee55b0000 - 0x00007ffee5d4b000 	C:\WINDOWS\SYSTEM32\windows.storage.dll
0x00007ffee9010000 - 0x00007ffee9364000 	C:\WINDOWS\System32\combase.dll
0x00007ffee7030000 - 0x00007ffee705d000 	C:\WINDOWS\SYSTEM32\Wldp.dll
0x00007ffee97a0000 - 0x00007ffee984d000 	C:\WINDOWS\System32\SHCORE.dll
0x00007ffee9cd0000 - 0x00007ffee9d25000 	C:\WINDOWS\System32\shlwapi.dll
0x00007ffee7600000 - 0x00007ffee7625000 	C:\WINDOWS\SYSTEM32\profapi.dll
0x00007ffedebd0000 - 0x00007ffedebe3000 	D:\full tension not java\bin\net.dll
0x00007ffee0c00000 - 0x00007ffee0d0a000 	C:\WINDOWS\SYSTEM32\WINHTTP.dll
0x00007ffee6d90000 - 0x00007ffee6dfa000 	C:\WINDOWS\system32\mswsock.dll
0x00007ffedc350000 - 0x00007ffedc366000 	D:\full tension not java\bin\nio.dll
0x00007ffec29a0000 - 0x00007ffec29b8000 	D:\full tension not java\bin\zip.dll
0x00007ffee24e0000 - 0x00007ffee24f0000 	D:\full tension not java\bin\verify.dll
0x00007ffec2150000 - 0x00007ffec2177000 	C:\Users\Rafay\.gradle\native\68d5fa5c4cc2d200863cafc0d521ce42e7d3e7ee720ec0a83991735586a16f82\windows-amd64\native-platform.dll
0x00007ffedf070000 - 0x00007ffedf07a000 	D:\full tension not java\bin\management.dll
0x00007ffedebc0000 - 0x00007ffedebcb000 	D:\full tension not java\bin\management_ext.dll
0x00007ffee8f10000 - 0x00007ffee8f18000 	C:\WINDOWS\System32\PSAPI.DLL
0x00007ffee6f80000 - 0x00007ffee6f98000 	C:\WINDOWS\SYSTEM32\CRYPTSP.dll
0x00007ffee66c0000 - 0x00007ffee66f4000 	C:\WINDOWS\system32\rsaenh.dll
0x00007ffee7570000 - 0x00007ffee759e000 	C:\WINDOWS\SYSTEM32\USERENV.dll
0x00007ffee6fa0000 - 0x00007ffee6fac000 	C:\WINDOWS\SYSTEM32\CRYPTBASE.dll
0x00007ffee6a80000 - 0x00007ffee6abb000 	C:\WINDOWS\SYSTEM32\IPHLPAPI.DLL
0x00007ffee9a00000 - 0x00007ffee9a08000 	C:\WINDOWS\System32\NSI.dll
0x00007ffee2b90000 - 0x00007ffee2ba7000 	C:\WINDOWS\SYSTEM32\dhcpcsvc6.DLL
0x00007ffee27b0000 - 0x00007ffee27cd000 	C:\WINDOWS\SYSTEM32\dhcpcsvc.DLL
0x00007ffee6ac0000 - 0x00007ffee6b8a000 	C:\WINDOWS\SYSTEM32\DNSAPI.dll
0x00007ffedab40000 - 0x00007ffedab48000 	D:\full tension not java\bin\extnet.dll
0x00007ffec97e0000 - 0x00007ffec97ee000 	D:\full tension not java\bin\sunmscapi.dll
0x00007ffee7dd0000 - 0x00007ffee7f2d000 	C:\WINDOWS\System32\CRYPT32.dll
0x00007ffee70a0000 - 0x00007ffee70c8000 	C:\WINDOWS\SYSTEM32\ncrypt.dll
0x00007ffee7060000 - 0x00007ffee709b000 	C:\WINDOWS\SYSTEM32\NTASN1.dll
0x00007ffec2210000 - 0x00007ffec2217000 	C:\WINDOWS\system32\wshunix.dll

dbghelp: loaded successfully - version: 4.0.5 - missing functions: none
symbol engine: initialized successfully - sym options: 0x614 - pdb path: .;D:\full tension not java\bin;C:\WINDOWS\SYSTEM32;C:\WINDOWS\WinSxS\amd64_microsoft.windows.common-controls_6595b64144ccf1df_6.0.19041.3636_none_60b6a03d71f818d5;D:\full tension not java\bin\server;C:\Users\Rafay\.gradle\native\68d5fa5c4cc2d200863cafc0d521ce42e7d3e7ee720ec0a83991735586a16f82\windows-amd64

VM Arguments:
jvm_args: -Xmx64m -Xms64m -Dorg.gradle.appname=gradlew 
java_command: org.gradle.wrapper.GradleWrapperMain tasks
java_class_path (initial): D:\Mobile App Development\re practice mash\firstProject-aurora\android\\gradle\wrapper\gradle-wrapper.jar
Launcher Type: SUN_STANDARD

[Global flags]
     intx CICompilerCount                          = 3                                         {product} {ergonomic}
     uint ConcGCThreads                            = 1                                         {product} {ergonomic}
     uint G1ConcRefinementThreads                  = 4                                         {product} {ergonomic}
   size_t G1HeapRegionSize                         = 1048576                                   {product} {ergonomic}
    uintx GCDrainStackTargetSize                   = 64                                        {product} {ergonomic}
   size_t InitialHeapSize                          = 67108864                                  {product} {command line}
   size_t MarkStackSize                            = 4194304                                   {product} {ergonomic}
   size_t MaxHeapSize                              = 67108864                                  {product} {command line}
   size_t MaxNewSize                               = 39845888                                  {product} {ergonomic}
   size_t MinHeapDeltaBytes                        = 1048576                                   {product} {ergonomic}
   size_t MinHeapSize                              = 67108864                                  {product} {command line}
    uintx NonNMethodCodeHeapSize                   = 5832780                                {pd product} {ergonomic}
    uintx NonProfiledCodeHeapSize                  = 122912730                              {pd product} {ergonomic}
    uintx ProfiledCodeHeapSize                     = 122912730                              {pd product} {ergonomic}
    uintx ReservedCodeCacheSize                    = 251658240                              {pd product} {ergonomic}
     bool SegmentedCodeCache                       = true                                      {product} {ergonomic}
   size_t SoftMaxHeapSize                          = 67108864                               {manageable} {ergonomic}
     bool UseCompressedClassPointers               = true                           {product lp64_product} {ergonomic}
     bool UseCompressedOops                        = true                           {product lp64_product} {ergonomic}
     bool UseG1GC                                  = true                                      {product} {ergonomic}
     bool UseLargePagesIndividualAllocation        = false                                  {pd product} {ergonomic}

Logging:
Log output configuration:
 #0: stdout all=warning uptime,level,tags foldmultilines=false
 #1: stderr all=off uptime,level,tags foldmultilines=false

Environment Variables:
JAVA_HOME=D:\full tension not java
CLASSPATH=D:\Mobile App Development\re practice mash\firstProject-aurora\android\\gradle\wrapper\gradle-wrapper.jar
PATH=D:\Mobile App Development\re practice mash\firstProject-aurora\node_modules\.bin;D:\Mobile App Development\re practice mash\firstProject-aurora\node_modules\.bin;D:\Mobile App Development\re practice mash\node_modules\.bin;D:\Mobile App Development\node_modules\.bin;D:\node_modules\.bin;C:\Users\Rafay\AppData\Roaming\npm\node_modules\npm\node_modules\@npmcli\run-script\lib\node-gyp-bin;D:\Mobile App Development\re practice mash\firstProject-aurora\node_modules\.bin;D:\Mobile App Development\re practice mash\node_modules\.bin;D:\Mobile App Development\node_modules\.bin;D:\node_modules\.bin;C:\Users\Rafay\AppData\Roaming\npm\node_modules\npm\node_modules\@npmcli\run-script\lib\node-gyp-bin;D:\MPI-------\Bin\;C:\Users\Rafay\AppData\Local\Programs\Python\Python39\Scripts\;C:\Users\Rafay\AppData\Local\Programs\Python\Python39\;D:\VM\bin\;C:\Program Files (x86)\Common Files\Intel\Shared Libraries\redist\intel64\compiler;C:\Program Files\Python39\Scripts\;C:\Program Files\Python39\;C:\Program Files\Common Files\Oracle\Java\javapath;C:\ProgramData\Oracle\Java\javapath;C:\WINDOWS\system32;C:\WINDOWS;C:\WINDOWS\System32\Wbem;C:\WINDOWS\System32\WindowsPowerShell\v1.0\;C:\WINDOWS\System32\OpenSSH\;C:\Program Files\Microsoft SQL Server\Client SDK\ODBC\170\Tools\Binn\;C:\Program Files (x86)\Microsoft SQL Server\150\Tools\Binn\;C:\Program Files\Microsoft SQL Server\150\Tools\Binn\;C:\Program Files\Microsoft SQL Server\150\DTS\Binn\;C:\Program Files\Azure Data Studio\bin;C:\Program Files\dotnet\;D:\full tension not java\bin;D:\nodejs\;D:\Git\Git\cmd;D:\Git\Git\mingw64\bin;D:\Git\Git\usr\bin;D:\Android Studio g\platform-tools;D:\Pixel_6a_API_33.avd;D:\Android Studio g;D:\Android Studio g\tools\bin;D:\Android Studio g\tools;C:\Users\Rafay\AppData\Local\Microsoft\WindowsApps;C:\Program Files\JetBrains\IntelliJ IDEA Community Edition 2021.2.3\bin;;C:\msys64\mingw64\bin;C:\Program Files\Azure Data Studio\bin;C:\Users\Rafay\AppData\Local\Programs\Microsoft VS Code\bin;C:\Users\Rafay\AppData\Local\GitHubDesktop\bin;C:\Users\Rafay\AppData\Roaming\npm;C:\Users\Rafay\.dotnet\tools;D:\Android Studio g\platform-tools;D:\Pixel_6a_API_33.avd;D:\Android Studio g\tools;D:\Android Studio g\tools\bin;
USERNAME=Rafay
LANG=en_US.UTF-8
OS=Windows_NT
PROCESSOR_IDENTIFIER=Intel64 Family 6 Model 58 Stepping 9, GenuineIntel
TMP=C:\Users\Rafay\AppData\Local\Temp
TEMP=C:\Users\Rafay\AppData\Local\Temp



---------------  S Y S T E M  ---------------

OS:
 Windows 10 , 64 bit Build 19041 (10.0.19041.3636)
OS uptime: 7 days 19:42 hours

CPU: total 4 (initial active 4) (4 cores per cpu, 1 threads per core) family 6 model 58 stepping 9 microcode 0x21, cx8, cmov, fxsr, mmx, sse, sse2, sse3, ssse3, sse4.1, sse4.2, popcnt, tsc, tscinvbit, avx, aes, erms, clmul, vzeroupper, clflush, rdtscp

Memory: 4k page, system-wide physical 8010M (379M free)
TotalPageFile size 29347M (AvailPageFile size 1818M)
current process WorkingSet (physical memory assigned to process): 57M, peak: 75M
current process commit charge ("private bytes"): 155M, peak: 157M

vm_info: Java HotSpot(TM) 64-Bit Server VM (19.0.1+10-21) for windows-amd64 JRE (19.0.1+10-21), built on 2022-09-14T12:45:06Z by "mach5one" with MS VC++ 17.1 (VS2022)

END.
