#
# There is insufficient memory for the Java Runtime Environment to continue.
# Native memory allocation (malloc) failed to allocate 32744 bytes for Chunk::new
# Possible reasons:
#   The system is out of physical RAM or swap space
#   The process is running with CompressedOops enabled, and the Java Heap may be blocking the growth of the native heap
# Possible solutions:
#   Reduce memory load on the system
#   Increase physical memory or swap space
#   Check if swap backing store is full
#   Decrease Java heap size (-Xmx/-Xms)
#   Decrease number of Java threads
#   Decrease Java thread stack sizes (-Xss)
#   Set larger code cache with -XX:ReservedCodeCacheSize=
#   JVM is running with Unscaled Compressed Oops mode in which the Java heap is
#     placed in the first 4GB address space. The Java Heap base address is the
#     maximum limit for the native heap growth. Please use -XX:HeapBaseMinAddress
#     to set the Java Heap base and to place the Java Heap above 4GB virtual address.
# This output file may be truncated or incomplete.
#
#  Out of Memory Error (arena.cpp:184), pid=23460, tid=25436
#
# JRE version: Java(TM) SE Runtime Environment (19.0.1+10) (build 19.0.1+10-21)
# Java VM: Java HotSpot(TM) 64-Bit Server VM (19.0.1+10-21, mixed mode, sharing, tiered, compressed oops, compressed class ptrs, g1 gc, windows-amd64)
# No core dump will be written. Minidumps are not enabled by default on client versions of Windows
#

---------------  S U M M A R Y ------------

Command Line: -Xmx64m -Xms64m -Dorg.gradle.appname=gradlew org.gradle.wrapper.GradleWrapperMain tasks

Host: Intel(R) Core(TM) i5-3470 CPU @ 3.20GHz, 4 cores, 7G,  Windows 10 , 64 bit Build 19041 (10.0.19041.3636)
Time: Sun Jan 28 22:18:19 2024 Pakistan Standard Time elapsed time: 864.236854 seconds (0d 0h 14m 24s)

---------------  T H R E A D  ---------------

Current thread (0x000001cac34375b0):  JavaThread "C1 CompilerThread0" daemon [_thread_in_native, id=25436, stack(0x0000000280a00000,0x0000000280b00000)]


Current CompileTask:
C1: 864237 1654       3       java.util.regex.Pattern::curly (66 bytes)

Stack: [0x0000000280a00000,0x0000000280b00000]
Native frames: (J=compiled Java code, j=interpreted, Vv=VM code, C=native code)
V  [jvm.dll+0x6ee8fa]
V  [jvm.dll+0x857a1e]
V  [jvm.dll+0x85940e]
V  [jvm.dll+0x859ac3]
V  [jvm.dll+0x28291f]
V  [jvm.dll+0xc9b5f]
V  [jvm.dll+0xc9ee5]
V  [jvm.dll+0x1a2b6a]
V  [jvm.dll+0x1a5ad7]
V  [jvm.dll+0x1a7c41]
V  [jvm.dll+0x161743]
V  [jvm.dll+0x161022]
V  [jvm.dll+0x161278]
V  [jvm.dll+0x1606d6]
V  [jvm.dll+0x1623cd]
V  [jvm.dll+0x25b0fa]
V  [jvm.dll+0x259588]
V  [jvm.dll+0x807928]
V  [jvm.dll+0x8015fa]
V  [jvm.dll+0x6ed5eb]
C  [ucrtbase.dll+0x21bb2]
C  [KERNEL32.DLL+0x17344]
C  [ntdll.dll+0x526b1]


---------------  P R O C E S S  ---------------

Threads class SMR info:
_java_thread_list=0x000001cae3545c20, length=12, elements={
0x000001cac3378ef0, 0x000001cac342bf80, 0x000001cac342cd70, 0x000001cac342db60,
0x000001cac342f6a0, 0x000001cac3431fe0, 0x000001cac3432910, 0x000001cac3433570,
0x000001cac34375b0, 0x000001cade8ddf30, 0x000001cae2c55770, 0x000001cae2c62f00
}

Java Threads: ( => current thread )
  0x000001cac3378ef0 JavaThread "main" [_thread_blocked, id=22844, stack(0x00000002ffc00000,0x00000002ffd00000)]
  0x000001cac342bf80 JavaThread "Reference Handler" daemon [_thread_blocked, id=25332, stack(0x0000000280300000,0x0000000280400000)]
  0x000001cac342cd70 JavaThread "Finalizer" daemon [_thread_blocked, id=25356, stack(0x0000000280400000,0x0000000280500000)]
  0x000001cac342db60 JavaThread "Signal Dispatcher" daemon [_thread_blocked, id=25360, stack(0x0000000280500000,0x0000000280600000)]
  0x000001cac342f6a0 JavaThread "Attach Listener" daemon [_thread_blocked, id=25364, stack(0x0000000280600000,0x0000000280700000)]
  0x000001cac3431fe0 JavaThread "Service Thread" daemon [_thread_blocked, id=25368, stack(0x0000000280700000,0x0000000280800000)]
  0x000001cac3432910 JavaThread "Monitor Deflation Thread" daemon [_thread_blocked, id=25372, stack(0x0000000280800000,0x0000000280900000)]
  0x000001cac3433570 JavaThread "C2 CompilerThread0" daemon [_thread_in_native, id=25376, stack(0x0000000280900000,0x0000000280a00000)]
=>0x000001cac34375b0 JavaThread "C1 CompilerThread0" daemon [_thread_in_native, id=25436, stack(0x0000000280a00000,0x0000000280b00000)]
  0x000001cade8ddf30 JavaThread "Sweeper thread" daemon [_thread_blocked, id=25476, stack(0x0000000280b00000,0x0000000280c00000)]
  0x000001cae2c55770 JavaThread "Notification Thread" daemon [_thread_blocked, id=25484, stack(0x0000000280c00000,0x0000000280d00000)]
  0x000001cae2c62f00 JavaThread "Common-Cleaner" daemon [_thread_blocked, id=25556, stack(0x0000000280e00000,0x0000000280f00000)]

Other Threads:
  0x000001cac3413d10 VMThread "VM Thread" [stack: 0x0000000280200000,0x0000000280300000] [id=23872]
  0x000001cae2c62aa0 WatcherThread "VM Periodic Task Thread" [stack: 0x0000000280d00000,0x0000000280e00000] [id=25548]
  0x000001cac339ca00 WorkerThread "GC Thread#0" [stack: 0x00000002ffd00000,0x00000002ffe00000] [id=23852]
  0x000001cae2cb52f0 WorkerThread "GC Thread#1" [stack: 0x0000000280f00000,0x0000000281000000] [id=26168]
  0x000001cae2d70eb0 WorkerThread "GC Thread#2" [stack: 0x0000000281000000,0x0000000281100000] [id=2428]
  0x000001cae3043950 WorkerThread "GC Thread#3" [stack: 0x0000000281100000,0x0000000281200000] [id=20128]
  0x000001cac339f170 ConcurrentGCThread "G1 Main Marker" [stack: 0x00000002ffe00000,0x00000002fff00000] [id=23856]
  0x000001cac339fba0 WorkerThread "G1 Conc#0" [stack: 0x00000002fff00000,0x0000000300000000] [id=23860]
  0x000001cac33f22e0 ConcurrentGCThread "G1 Refine#0" [stack: 0x0000000280000000,0x0000000280100000] [id=23864]
  0x000001cac33f2fd0 ConcurrentGCThread "G1 Service" [stack: 0x0000000280100000,0x0000000280200000] [id=23868]

Threads with active compile tasks:
C2 CompilerThread0   871160 1659       4       java.nio.Buffer::checkIndex (9 bytes)
C1 CompilerThread0   871160 1654       3       java.util.regex.Pattern::curly (66 bytes)

VM state: not at safepoint (normal execution)

VM Mutex/Monitor currently owned by a thread: None

Heap address: 0x00000000fc000000, size: 64 MB, Compressed Oops mode: 32-bit

CDS archive(s) mapped at: [0x0000000800000000-0x0000000800c40000-0x0000000800c40000), size 12845056, SharedBaseAddress: 0x0000000800000000, ArchiveRelocationMode: 0.
Compressed class space mapped at: 0x0000000801000000-0x0000000841000000, reserved size: 1073741824
Narrow klass base: 0x0000000800000000, Narrow klass shift: 0, Narrow klass range: 0x100000000

GC Precious Log:
 CardTable entry size: 512
 Card Set container configuration: InlinePtr #cards 5 size 8 Array Of Cards #cards 12 size 40 Howl #buckets 4 coarsen threshold 1843 Howl Bitmap #cards 512 size 80 coarsen threshold 460 Card regions per heap region 1 cards per card region 2048
 CPUs: 4 total, 4 available
 Memory: 8010M
 Large Page Support: Disabled
 NUMA Support: Disabled
 Compressed Oops: Enabled (32-bit)
 Heap Region Size: 1M
 Heap Min Capacity: 64M
 Heap Initial Capacity: 64M
 Heap Max Capacity: 64M
 Pre-touch: Disabled
 Parallel Workers: 4
 Concurrent Workers: 1
 Concurrent Refinement Workers: 4
 Periodic GC: Disabled

Heap:
 garbage-first heap   total 65536K, used 26854K [0x00000000fc000000, 0x0000000100000000)
  region size 1024K, 20 young (20480K), 2 survivors (2048K)
 Metaspace       used 9293K, committed 9600K, reserved 1114112K
  class space    used 1184K, committed 1344K, reserved 1048576K

Heap Regions: E=young(eden), S=young(survivor), O=old, HS=humongous(starts), HC=humongous(continues), CS=collection set, F=free, OA=open archive, CA=closed archive, TAMS=top-at-mark-start (previous, next)
|   0|0x00000000fc000000, 0x00000000fc100000, 0x00000000fc100000|100%| O|  |TAMS 0x00000000fc000000, 0x00000000fc000000| Untracked 
|   1|0x00000000fc100000, 0x00000000fc200000, 0x00000000fc200000|100%| O|  |TAMS 0x00000000fc100000, 0x00000000fc100000| Untracked 
|   2|0x00000000fc200000, 0x00000000fc300000, 0x00000000fc300000|100%|HS|  |TAMS 0x00000000fc200000, 0x00000000fc200000| Complete 
|   3|0x00000000fc300000, 0x00000000fc400000, 0x00000000fc400000|100%|HC|  |TAMS 0x00000000fc300000, 0x00000000fc300000| Complete 
|   4|0x00000000fc400000, 0x00000000fc500000, 0x00000000fc500000|100%|HC|  |TAMS 0x00000000fc400000, 0x00000000fc400000| Complete 
|   5|0x00000000fc500000, 0x00000000fc600000, 0x00000000fc600000|100%|HC|  |TAMS 0x00000000fc500000, 0x00000000fc500000| Complete 
|   6|0x00000000fc600000, 0x00000000fc700000, 0x00000000fc700000|100%| O|  |TAMS 0x00000000fc600000, 0x00000000fc600000| Untracked 
|   7|0x00000000fc700000, 0x00000000fc800000, 0x00000000fc800000|100%| O|  |TAMS 0x00000000fc700000, 0x00000000fc700000| Untracked 
|   8|0x00000000fc800000, 0x00000000fc839800, 0x00000000fc900000| 22%| O|  |TAMS 0x00000000fc800000, 0x00000000fc800000| Untracked 
|   9|0x00000000fc900000, 0x00000000fc900000, 0x00000000fca00000|  0%| F|  |TAMS 0x00000000fc900000, 0x00000000fc900000| Untracked 
|  10|0x00000000fca00000, 0x00000000fca00000, 0x00000000fcb00000|  0%| F|  |TAMS 0x00000000fca00000, 0x00000000fca00000| Untracked 
|  11|0x00000000fcb00000, 0x00000000fcb00000, 0x00000000fcc00000|  0%| F|  |TAMS 0x00000000fcb00000, 0x00000000fcb00000| Untracked 
|  12|0x00000000fcc00000, 0x00000000fcc00000, 0x00000000fcd00000|  0%| F|  |TAMS 0x00000000fcc00000, 0x00000000fcc00000| Untracked 
|  13|0x00000000fcd00000, 0x00000000fcd00000, 0x00000000fce00000|  0%| F|  |TAMS 0x00000000fcd00000, 0x00000000fcd00000| Untracked 
|  14|0x00000000fce00000, 0x00000000fce00000, 0x00000000fcf00000|  0%| F|  |TAMS 0x00000000fce00000, 0x00000000fce00000| Untracked 
|  15|0x00000000fcf00000, 0x00000000fcf00000, 0x00000000fd000000|  0%| F|  |TAMS 0x00000000fcf00000, 0x00000000fcf00000| Untracked 
|  16|0x00000000fd000000, 0x00000000fd000000, 0x00000000fd100000|  0%| F|  |TAMS 0x00000000fd000000, 0x00000000fd000000| Untracked 
|  17|0x00000000fd100000, 0x00000000fd100000, 0x00000000fd200000|  0%| F|  |TAMS 0x00000000fd100000, 0x00000000fd100000| Untracked 
|  18|0x00000000fd200000, 0x00000000fd200000, 0x00000000fd300000|  0%| F|  |TAMS 0x00000000fd200000, 0x00000000fd200000| Untracked 
|  19|0x00000000fd300000, 0x00000000fd300000, 0x00000000fd400000|  0%| F|  |TAMS 0x00000000fd300000, 0x00000000fd300000| Untracked 
|  20|0x00000000fd400000, 0x00000000fd400000, 0x00000000fd500000|  0%| F|  |TAMS 0x00000000fd400000, 0x00000000fd400000| Untracked 
|  21|0x00000000fd500000, 0x00000000fd500000, 0x00000000fd600000|  0%| F|  |TAMS 0x00000000fd500000, 0x00000000fd500000| Untracked 
|  22|0x00000000fd600000, 0x00000000fd600000, 0x00000000fd700000|  0%| F|  |TAMS 0x00000000fd600000, 0x00000000fd600000| Untracked 
|  23|0x00000000fd700000, 0x00000000fd700000, 0x00000000fd800000|  0%| F|  |TAMS 0x00000000fd700000, 0x00000000fd700000| Untracked 
|  24|0x00000000fd800000, 0x00000000fd800000, 0x00000000fd900000|  0%| F|  |TAMS 0x00000000fd800000, 0x00000000fd800000| Untracked 
|  25|0x00000000fd900000, 0x00000000fd900000, 0x00000000fda00000|  0%| F|  |TAMS 0x00000000fd900000, 0x00000000fd900000| Untracked 
|  26|0x00000000fda00000, 0x00000000fda00000, 0x00000000fdb00000|  0%| F|  |TAMS 0x00000000fda00000, 0x00000000fda00000| Untracked 
|  27|0x00000000fdb00000, 0x00000000fdb00000, 0x00000000fdc00000|  0%| F|  |TAMS 0x00000000fdb00000, 0x00000000fdb00000| Untracked 
|  28|0x00000000fdc00000, 0x00000000fdc00000, 0x00000000fdd00000|  0%| F|  |TAMS 0x00000000fdc00000, 0x00000000fdc00000| Untracked 
|  29|0x00000000fdd00000, 0x00000000fdd00000, 0x00000000fde00000|  0%| F|  |TAMS 0x00000000fdd00000, 0x00000000fdd00000| Untracked 
|  30|0x00000000fde00000, 0x00000000fde00000, 0x00000000fdf00000|  0%| F|  |TAMS 0x00000000fde00000, 0x00000000fde00000| Untracked 
|  31|0x00000000fdf00000, 0x00000000fdf00000, 0x00000000fe000000|  0%| F|  |TAMS 0x00000000fdf00000, 0x00000000fdf00000| Untracked 
|  32|0x00000000fe000000, 0x00000000fe000000, 0x00000000fe100000|  0%| F|  |TAMS 0x00000000fe000000, 0x00000000fe000000| Untracked 
|  33|0x00000000fe100000, 0x00000000fe100000, 0x00000000fe200000|  0%| F|  |TAMS 0x00000000fe100000, 0x00000000fe100000| Untracked 
|  34|0x00000000fe200000, 0x00000000fe200000, 0x00000000fe300000|  0%| F|  |TAMS 0x00000000fe200000, 0x00000000fe200000| Untracked 
|  35|0x00000000fe300000, 0x00000000fe300000, 0x00000000fe400000|  0%| F|  |TAMS 0x00000000fe300000, 0x00000000fe300000| Untracked 
|  36|0x00000000fe400000, 0x00000000fe400000, 0x00000000fe500000|  0%| F|  |TAMS 0x00000000fe400000, 0x00000000fe400000| Untracked 
|  37|0x00000000fe500000, 0x00000000fe500000, 0x00000000fe600000|  0%| F|  |TAMS 0x00000000fe500000, 0x00000000fe500000| Untracked 
|  38|0x00000000fe600000, 0x00000000fe600000, 0x00000000fe700000|  0%| F|  |TAMS 0x00000000fe600000, 0x00000000fe600000| Untracked 
|  39|0x00000000fe700000, 0x00000000fe700000, 0x00000000fe800000|  0%| F|  |TAMS 0x00000000fe700000, 0x00000000fe700000| Untracked 
|  40|0x00000000fe800000, 0x00000000fe800000, 0x00000000fe900000|  0%| F|  |TAMS 0x00000000fe800000, 0x00000000fe800000| Untracked 
|  41|0x00000000fe900000, 0x00000000fe900000, 0x00000000fea00000|  0%| F|  |TAMS 0x00000000fe900000, 0x00000000fe900000| Untracked 
|  42|0x00000000fea00000, 0x00000000fea00000, 0x00000000feb00000|  0%| F|  |TAMS 0x00000000fea00000, 0x00000000fea00000| Untracked 
|  43|0x00000000feb00000, 0x00000000feb00000, 0x00000000fec00000|  0%| F|  |TAMS 0x00000000feb00000, 0x00000000feb00000| Untracked 
|  44|0x00000000fec00000, 0x00000000fec00800, 0x00000000fed00000|  0%| E|  |TAMS 0x00000000fec00000, 0x00000000fec00000| Complete 
|  45|0x00000000fed00000, 0x00000000fee00000, 0x00000000fee00000|100%| E|CS|TAMS 0x00000000fed00000, 0x00000000fed00000| Complete 
|  46|0x00000000fee00000, 0x00000000fef00000, 0x00000000fef00000|100%| E|CS|TAMS 0x00000000fee00000, 0x00000000fee00000| Complete 
|  47|0x00000000fef00000, 0x00000000ff000000, 0x00000000ff000000|100%| E|  |TAMS 0x00000000fef00000, 0x00000000fef00000| Complete 
|  48|0x00000000ff000000, 0x00000000ff100000, 0x00000000ff100000|100%| S|CS|TAMS 0x00000000ff000000, 0x00000000ff000000| Complete 
|  49|0x00000000ff100000, 0x00000000ff200000, 0x00000000ff200000|100%| E|CS|TAMS 0x00000000ff100000, 0x00000000ff100000| Complete 
|  50|0x00000000ff200000, 0x00000000ff300000, 0x00000000ff300000|100%| E|CS|TAMS 0x00000000ff200000, 0x00000000ff200000| Complete 
|  51|0x00000000ff300000, 0x00000000ff400000, 0x00000000ff400000|100%| S|CS|TAMS 0x00000000ff300000, 0x00000000ff300000| Complete 
|  52|0x00000000ff400000, 0x00000000ff500000, 0x00000000ff500000|100%| E|CS|TAMS 0x00000000ff400000, 0x00000000ff400000| Complete 
|  53|0x00000000ff500000, 0x00000000ff600000, 0x00000000ff600000|100%| E|CS|TAMS 0x00000000ff500000, 0x00000000ff500000| Complete 
|  54|0x00000000ff600000, 0x00000000ff700000, 0x00000000ff700000|100%| E|CS|TAMS 0x00000000ff600000, 0x00000000ff600000| Complete 
|  55|0x00000000ff700000, 0x00000000ff800000, 0x00000000ff800000|100%| E|CS|TAMS 0x00000000ff700000, 0x00000000ff700000| Complete 
|  56|0x00000000ff800000, 0x00000000ff900000, 0x00000000ff900000|100%| E|CS|TAMS 0x00000000ff800000, 0x00000000ff800000| Complete 
|  57|0x00000000ff900000, 0x00000000ffa00000, 0x00000000ffa00000|100%| E|CS|TAMS 0x00000000ff900000, 0x00000000ff900000| Complete 
|  58|0x00000000ffa00000, 0x00000000ffb00000, 0x00000000ffb00000|100%| E|CS|TAMS 0x00000000ffa00000, 0x00000000ffa00000| Complete 
|  59|0x00000000ffb00000, 0x00000000ffc00000, 0x00000000ffc00000|100%| E|CS|TAMS 0x00000000ffb00000, 0x00000000ffb00000| Complete 
|  60|0x00000000ffc00000, 0x00000000ffd00000, 0x00000000ffd00000|100%| E|CS|TAMS 0x00000000ffc00000, 0x00000000ffc00000| Complete 
|  61|0x00000000ffd00000, 0x00000000ffe00000, 0x00000000ffe00000|100%| E|CS|TAMS 0x00000000ffd00000, 0x00000000ffd00000| Complete 
|  62|0x00000000ffe00000, 0x00000000fff00000, 0x00000000fff00000|100%| E|CS|TAMS 0x00000000ffe00000, 0x00000000ffe00000| Complete 
|  63|0x00000000fff00000, 0x0000000100000000, 0x0000000100000000|100%| E|CS|TAMS 0x00000000fff00000, 0x00000000fff00000| Complete 

Card table byte_map: [0x000001cadc110000,0x000001cadc130000] _byte_map_base: 0x000001cadb930000

Marking Bits (Prev, Next): (CMBitMap*) 0x000001cac339e040, (CMBitMap*) 0x000001cac339e080
 Prev Bits: [0x000001cadc150000, 0x000001cadc250000)
 Next Bits: [0x000001cadc250000, 0x000001cadc350000)

Polling page: 0x000001cac3440000

Metaspace:

Usage:
  Non-class:      7.92 MB used.
      Class:      1.16 MB used.
       Both:      9.08 MB used.

Virtual space:
  Non-class space:       64.00 MB reserved,       8.06 MB ( 13%) committed,  1 nodes.
      Class space:        1.00 GB reserved,       1.31 MB ( <1%) committed,  1 nodes.
             Both:        1.06 GB reserved,       9.38 MB ( <1%) committed. 

Chunk freelists:
   Non-Class:  3.91 MB
       Class:  2.57 MB
        Both:  6.48 MB

MaxMetaspaceSize: unlimited
CompressedClassSpaceSize: 1.00 GB
Initial GC threshold: 21.00 MB
Current GC threshold: 21.00 MB
CDS: on
MetaspaceReclaimPolicy: balanced
 - commit_granule_bytes: 65536.
 - commit_granule_words: 8192.
 - virtual_space_node_default_size: 8388608.
 - enlarge_chunks_in_place: 1.
 - new_chunks_are_fully_committed: 0.
 - uncommit_free_chunks: 1.
 - use_allocation_guard: 0.


Internal statistics:

num_allocs_failed_limit: 0.
num_arena_births: 210.
num_arena_deaths: 0.
num_vsnodes_births: 2.
num_vsnodes_deaths: 0.
num_space_committed: 150.
num_space_uncommitted: 0.
num_chunks_returned_to_freelist: 0.
num_chunks_taken_from_freelist: 462.
num_chunk_merges: 0.
num_chunk_splits: 301.
num_chunks_enlarged: 226.
num_inconsistent_stats: 0.

CodeHeap 'non-profiled nmethods': size=120000Kb used=631Kb max_used=631Kb free=119368Kb
 bounds [0x000001cad4590000, 0x000001cad4800000, 0x000001cadbac0000]
CodeHeap 'profiled nmethods': size=120000Kb used=3136Kb max_used=3136Kb free=116864Kb
 bounds [0x000001caccac0000, 0x000001caccdd0000, 0x000001cad3ff0000]
CodeHeap 'non-nmethods': size=5760Kb used=1267Kb max_used=1281Kb free=4492Kb
 bounds [0x000001cad3ff0000, 0x000001cad4260000, 0x000001cad4590000]
 total_blobs=2138 nmethods=1651 adapters=398
 compilation: enabled
              stopped_count=0, restarted_count=0
 full_count=0

Compilation events (20 events):
Event: 764.314 Thread 0x000001cac34375b0 1645       3       java.lang.invoke.MethodHandles$Lookup::<init> (84 bytes)
Event: 764.315 Thread 0x000001cac34375b0 nmethod 1645 0x000001caccdcb590 code [0x000001caccdcb740, 0x000001caccdcb978]
Event: 764.315 Thread 0x000001cac3433570 nmethod 1644 0x000001cad462cb90 code [0x000001cad462cd20, 0x000001cad462ce38]
Event: 764.315 Thread 0x000001cac34375b0 1646       3       sun.invoke.util.VerifyAccess::isMemberAccessible (338 bytes)
Event: 764.317 Thread 0x000001cac34375b0 nmethod 1646 0x000001caccdcba10 code [0x000001caccdcbda0, 0x000001caccdcd0d8]
Event: 764.317 Thread 0x000001cac34375b0 1647       3       java.lang.invoke.MethodType::changeReturnType (20 bytes)
Event: 764.317 Thread 0x000001cac34375b0 nmethod 1647 0x000001caccdcd690 code [0x000001caccdcd840, 0x000001caccdcda08]
Event: 764.317 Thread 0x000001cac34375b0 1648       3       java.lang.StringUTF16::getChar (60 bytes)
Event: 764.317 Thread 0x000001cac34375b0 nmethod 1648 0x000001caccdcda90 code [0x000001caccdcdc40, 0x000001caccdcddb8]
Event: 764.317 Thread 0x000001cac3433570 1649       4       java.lang.StringUTF16::getChar (60 bytes)
Event: 764.318 Thread 0x000001cac3433570 nmethod 1649 0x000001cad462cf10 code [0x000001cad462d0a0, 0x000001cad462d178]
Event: 775.059 Thread 0x000001cac3433570 1650   !   4       java.util.concurrent.locks.AbstractQueuedSynchronizer::acquire (407 bytes)
Event: 775.130 Thread 0x000001cac3433570 nmethod 1650 0x000001cad462d290 code [0x000001cad462d440, 0x000001cad462d968]
Event: 776.857 Thread 0x000001cac34375b0 1651   !   3       java.util.concurrent.ThreadPoolExecutor::getTask (177 bytes)
Event: 776.858 Thread 0x000001cac34375b0 nmethod 1651 0x000001caccdcde90 code [0x000001caccdce120, 0x000001caccdceff8]
Event: 824.331 Thread 0x000001cac34375b0 1652       3       sun.invoke.util.VerifyAccess::isTypeVisible (47 bytes)
Event: 824.332 Thread 0x000001cac34375b0 nmethod 1652 0x000001caccdcf490 code [0x000001caccdcf680, 0x000001caccdcfa98]
Event: 863.725 Thread 0x000001cac34375b0 1653       3       java.lang.Character::isHighSurrogate (18 bytes)
Event: 863.725 Thread 0x000001cac34375b0 nmethod 1653 0x000001caccdcfc90 code [0x000001caccdcfe20, 0x000001caccdcff98]
Event: 863.725 Thread 0x000001cac34375b0 1654       3       java.util.regex.Pattern::curly (66 bytes)

GC Heap History (4 events):
Event: 73.453 GC heap before
{Heap before GC invocations=0 (full 0):
 garbage-first heap   total 65536K, used 13312K [0x00000000fc000000, 0x0000000100000000)
  region size 1024K, 13 young (13312K), 0 survivors (0K)
 Metaspace       used 1829K, committed 1984K, reserved 1114112K
  class space    used 165K, committed 256K, reserved 1048576K
}
Event: 73.997 GC heap after
{Heap after GC invocations=1 (full 0):
 garbage-first heap   total 65536K, used 3224K [0x00000000fc000000, 0x0000000100000000)
  region size 1024K, 2 young (2048K), 2 survivors (2048K)
 Metaspace       used 1829K, committed 1984K, reserved 1114112K
  class space    used 165K, committed 256K, reserved 1048576K
}
Event: 203.602 GC heap before
{Heap before GC invocations=1 (full 0):
 garbage-first heap   total 65536K, used 18584K [0x00000000fc000000, 0x0000000100000000)
  region size 1024K, 14 young (14336K), 2 survivors (2048K)
 Metaspace       used 4777K, committed 5056K, reserved 1114112K
  class space    used 619K, committed 768K, reserved 1048576K
}
Event: 203.925 GC heap after
{Heap after GC invocations=2 (full 0):
 garbage-first heap   total 65536K, used 10470K [0x00000000fc000000, 0x0000000100000000)
  region size 1024K, 2 young (2048K), 2 survivors (2048K)
 Metaspace       used 4777K, committed 5056K, reserved 1114112K
  class space    used 619K, committed 768K, reserved 1048576K
}

Dll operation events (12 events):
Event: 2.597 Loaded shared library D:\full tension not java\bin\java.dll
Event: 2.608 Loaded shared library D:\full tension not java\bin\jsvml.dll
Event: 5.053 Loaded shared library D:\full tension not java\bin\net.dll
Event: 5.198 Loaded shared library D:\full tension not java\bin\nio.dll
Event: 5.201 Loaded shared library D:\full tension not java\bin\zip.dll
Event: 60.495 Loaded shared library D:\full tension not java\bin\jimage.dll
Event: 75.358 Loaded shared library D:\full tension not java\bin\verify.dll
Event: 164.631 Loaded shared library C:\Users\Rafay\.gradle\native\68d5fa5c4cc2d200863cafc0d521ce42e7d3e7ee720ec0a83991735586a16f82\windows-amd64\native-platform.dll
Event: 247.852 Loaded shared library D:\full tension not java\bin\management.dll
Event: 249.170 Loaded shared library D:\full tension not java\bin\management_ext.dll
Event: 368.035 Loaded shared library D:\full tension not java\bin\extnet.dll
Event: 407.400 Loaded shared library D:\full tension not java\bin\sunmscapi.dll

Deoptimization events (20 events):
Event: 764.319 Thread 0x000001cae3500110 Uncommon trap: trap_request=0xffffff45 fr.pc=0x000001cad461055c relative=0x000000000000041c
Event: 764.319 Thread 0x000001cae3500110 Uncommon trap: reason=unstable_if action=reinterpret pc=0x000001cad461055c method=java.lang.AbstractStringBuilder.inflateIfNeededFor(Ljava/lang/String;)V @ 14 c2
Event: 764.319 Thread 0x000001cae3500110 DEOPT PACKING pc=0x000001cad461055c sp=0x00000002813fee40
Event: 764.319 Thread 0x000001cae3500110 DEOPT UNPACKING pc=0x000001cad4056da3 sp=0x00000002813fed48 mode 2
Event: 764.319 Thread 0x000001cae3500110 Uncommon trap: trap_request=0xffffff45 fr.pc=0x000001cad45c9260 relative=0x00000000000000c0
Event: 764.319 Thread 0x000001cae3500110 Uncommon trap: reason=unstable_if action=reinterpret pc=0x000001cad45c9260 method=java.lang.String.getBytes([BIB)V @ 5 c2
Event: 764.319 Thread 0x000001cae3500110 DEOPT PACKING pc=0x000001cad45c9260 sp=0x00000002813fed60
Event: 764.319 Thread 0x000001cae3500110 DEOPT UNPACKING pc=0x000001cad4056da3 sp=0x00000002813fed28 mode 2
Event: 764.319 Thread 0x000001cae3500110 Uncommon trap: trap_request=0xffffff45 fr.pc=0x000001cad45facc0 relative=0x00000000000003a0
Event: 764.319 Thread 0x000001cae3500110 Uncommon trap: reason=unstable_if action=reinterpret pc=0x000001cad45facc0 method=java.lang.AbstractStringBuilder.isLatin1()Z @ 10 c2
Event: 764.319 Thread 0x000001cae3500110 DEOPT PACKING pc=0x000001cad45facc0 sp=0x00000002813feec0
Event: 764.319 Thread 0x000001cae3500110 DEOPT UNPACKING pc=0x000001cad4056da3 sp=0x00000002813fed48 mode 2
Event: 764.325 Thread 0x000001cae2cebfd0 Uncommon trap: trap_request=0xffffff45 fr.pc=0x000001cad4624000 relative=0x00000000000010c0
Event: 764.325 Thread 0x000001cae2cebfd0 Uncommon trap: reason=unstable_if action=reinterpret pc=0x000001cad4624000 method=java.util.concurrent.ThreadPoolExecutor.getTask()Ljava/lang/Runnable; @ 62 c2
Event: 764.325 Thread 0x000001cae2cebfd0 DEOPT PACKING pc=0x000001cad4624000 sp=0x00000002815ff190
Event: 764.325 Thread 0x000001cae2cebfd0 DEOPT UNPACKING pc=0x000001cad4056da3 sp=0x00000002815ff170 mode 2
Event: 863.725 Thread 0x000001cae3500110 Uncommon trap: trap_request=0xffffff45 fr.pc=0x000001cad45ad04c relative=0x00000000000000ac
Event: 863.725 Thread 0x000001cae3500110 Uncommon trap: reason=unstable_if action=reinterpret pc=0x000001cad45ad04c method=java.lang.String.codePointAt(I)I @ 4 c2
Event: 863.725 Thread 0x000001cae3500110 DEOPT PACKING pc=0x000001cad45ad04c sp=0x00000002813fee50
Event: 863.725 Thread 0x000001cae3500110 DEOPT UNPACKING pc=0x000001cad4056da3 sp=0x00000002813fedd8 mode 2

Classes loaded (20 events):
Event: 764.171 Loading class jdk/internal/event/ProcessStartEvent
Event: 764.258 Loading class jdk/internal/event/ProcessStartEvent done
Event: 764.299 Loading class java/util/Scanner
Event: 764.299 Loading class java/util/Scanner done
Event: 764.301 Loading class sun/nio/cs/StreamDecoder
Event: 764.302 Loading class sun/nio/cs/StreamDecoder done
Event: 764.302 Loading class java/util/Scanner$PatternLRUCache
Event: 764.302 Loading class java/util/Scanner$PatternLRUCache done
Event: 764.311 Loading class sun/text/resources/cldr/FormatData_en
Event: 764.312 Loading class sun/text/resources/cldr/FormatData_en done
Event: 764.312 Loading class sun/text/resources/cldr/FormatData_en_US
Event: 764.312 Loading class sun/text/resources/cldr/FormatData_en_US done
Event: 764.319 Loading class java/io/PrintWriter
Event: 764.319 Loading class java/io/PrintWriter done
Event: 764.319 Loading class java/io/PrintWriter$1
Event: 764.319 Loading class jdk/internal/access/JavaIOPrintWriterAccess
Event: 764.319 Loading class jdk/internal/access/JavaIOPrintWriterAccess done
Event: 764.319 Loading class java/io/PrintWriter$1 done
Event: 863.726 Loading class java/util/regex/Matcher$ImmutableMatchResult
Event: 863.726 Loading class java/util/regex/Matcher$ImmutableMatchResult done

Classes unloaded (0 events):
No events

Classes redefined (0 events):
No events

Internal exceptions (20 events):
Event: 152.695 Thread 0x000001cac3378ef0 Exception <a 'java/lang/NoSuchMethodError'{0x00000000ff754c88}: 'java.lang.Object java.lang.invoke.DirectMethodHandle$Holder.invokeVirtual(java.lang.Object, java.lang.Object, java.lang.Object, java.lang.Object, java.lang.Object, java.lang.Object, java.lang.Object)'> (0x00000000ff754c88) 
thrown [s\open\src\hotspot\share\interpreter\linkResolver.cpp, line 774]
Event: 164.617 Thread 0x000001cac3378ef0 Exception <a 'java/lang/NoSuchMethodError'{0x00000000ff7689c0}: 'java.lang.Object java.lang.invoke.DirectMethodHandle$Holder.invokeStatic(java.lang.Object, java.lang.Object, int)'> (0x00000000ff7689c0) 
thrown [s\open\src\hotspot\share\interpreter\linkResolver.cpp, line 774]
Event: 164.618 Thread 0x000001cac3378ef0 Exception <a 'java/lang/NoSuchMethodError'{0x00000000ff774a50}: 'void java.lang.invoke.DelegatingMethodHandle$Holder.delegate(java.lang.Object, java.lang.Object, int, java.lang.Object)'> (0x00000000ff774a50) 
thrown [s\open\src\hotspot\share\interpreter\linkResolver.cpp, line 774]
Event: 164.618 Thread 0x000001cac3378ef0 Exception <a 'java/lang/NoSuchMethodError'{0x00000000ff778bb0}: 'int java.lang.invoke.DirectMethodHandle$Holder.invokeSpecial(java.lang.Object, java.lang.Object, java.lang.Object)'> (0x00000000ff778bb0) 
thrown [s\open\src\hotspot\share\interpreter\linkResolver.cpp, line 774]
Event: 164.638 Thread 0x000001cac3378ef0 Exception <a 'java/lang/NoSuchMethodError'{0x00000000ff612af8}: 'java.lang.Object java.lang.invoke.DirectMethodHandle$Holder.invokeVirtual(java.lang.Object, java.lang.Object, java.lang.Object)'> (0x00000000ff612af8) 
thrown [s\open\src\hotspot\share\interpreter\linkResolver.cpp, line 774]
Event: 202.177 Thread 0x000001cac3378ef0 Exception <a 'java/lang/NoSuchMethodError'{0x00000000ff445088}: 'java.lang.Object java.lang.invoke.DirectMethodHandle$Holder.invokeVirtual(java.lang.Object, java.lang.Object, java.lang.Object, java.lang.Object)'> (0x00000000ff445088) 
thrown [s\open\src\hotspot\share\interpreter\linkResolver.cpp, line 774]
Event: 203.592 Thread 0x000001cac3378ef0 Exception <a 'java/lang/NoSuchMethodError'{0x00000000ff4bf8d0}: 'java.lang.Object java.lang.invoke.DirectMethodHandle$Holder.invokeVirtual(java.lang.Object, java.lang.Object, java.lang.Object, java.lang.Object, java.lang.Object, java.lang.Object)'> (0x00000000ff4bf8d0) 
thrown [s\open\src\hotspot\share\interpreter\linkResolver.cpp, line 774]
Event: 247.843 Thread 0x000001cac3378ef0 Exception <a 'java/lang/NoSuchMethodError'{0x00000000ffd37310}: 'java.lang.Object java.lang.invoke.DirectMethodHandle$Holder.invokeStaticInit(java.lang.Object)'> (0x00000000ffd37310) 
thrown [s\open\src\hotspot\share\interpreter\linkResolver.cpp, line 774]
Event: 256.073 Thread 0x000001cac3378ef0 Exception <a 'java/lang/NoSuchMethodError'{0x00000000ffc89590}: 'java.lang.Object java.lang.invoke.DirectMethodHandle$Holder.invokeVirtual(java.lang.Object, java.lang.Object, java.lang.Object, java.lang.Object, java.lang.Object)'> (0x00000000ffc89590) 
thrown [s\open\src\hotspot\share\interpreter\linkResolver.cpp, line 774]
Event: 256.101 Thread 0x000001cac3378ef0 Exception <a 'java/lang/NoSuchMethodError'{0x00000000ffc9d520}: 'java.lang.Object java.lang.invoke.Invokers$Holder.invokeExact_MT(java.lang.Object, java.lang.Object, java.lang.Object, java.lang.Object, java.lang.Object, java.lang.Object)'> (0x00000000ffc9d520) 
thrown [s\open\src\hotspot\share\interpreter\linkResolver.cpp, line 774]
Event: 265.092 Thread 0x000001cac3378ef0 Exception <a 'java/lang/NoSuchMethodError'{0x00000000ffa3bb00}: 'java.lang.Object java.lang.invoke.DirectMethodHandle$Holder.invokeVirtual(java.lang.Object, java.lang.Object, java.lang.Object, java.lang.Object, java.lang.Object, java.lang.Object, java.lang.Object, java.lang.Object)'> (0x00000000ffa3bb00) 
thrown [s\open\src\hotspot\share\interpreter\linkResolver.cpp, line 774]
Event: 284.559 Thread 0x000001cac3378ef0 Exception <a 'java/lang/NoSuchMethodError'{0x00000000ff967698}: 'java.lang.Object java.lang.invoke.DirectMethodHandle$Holder.invokeStaticInit(java.lang.Object, int, int, int, int)'> (0x00000000ff967698) 
thrown [s\open\src\hotspot\share\interpreter\linkResolver.cpp, line 774]
Event: 361.520 Thread 0x000001cac3378ef0 Exception <a 'java/lang/NoSuchMethodError'{0x00000000ff83bcc0}: 'java.lang.Object java.lang.invoke.DirectMethodHandle$Holder.invokeStaticInit(java.lang.Object, java.lang.Object, int, int, int, int)'> (0x00000000ff83bcc0) 
thrown [s\open\src\hotspot\share\interpreter\linkResolver.cpp, line 774]
Event: 371.162 Thread 0x000001cac3378ef0 Implicit null exception at 0x000001cad45ca5f2 to 0x000001cad45caaac
Event: 371.163 Thread 0x000001cac3378ef0 Implicit null exception at 0x000001cad45d89f2 to 0x000001cad45d8ea4
Event: 371.175 Thread 0x000001cac3378ef0 Exception <a 'java/lang/NoSuchMethodError'{0x00000000ff70af98}: 'void java.lang.invoke.DirectMethodHandle$Holder.invokeInterface(java.lang.Object, java.lang.Object, java.lang.Object)'> (0x00000000ff70af98) 
thrown [s\open\src\hotspot\share\interpreter\linkResolver.cpp, line 774]
Event: 763.972 Thread 0x000001cae3500110 Exception <a 'java/lang/NoSuchMethodError'{0x00000000feed8860}: 'void java.lang.invoke.DirectMethodHandle$Holder.invokeStatic(java.lang.Object, long)'> (0x00000000feed8860) 
thrown [s\open\src\hotspot\share\interpreter\linkResolver.cpp, line 774]
Event: 763.974 Thread 0x000001cae3500110 Exception <a 'java/lang/NoSuchMethodError'{0x00000000feeddf18}: 'java.lang.Object java.lang.invoke.DirectMethodHandle$Holder.newInvokeSpecial(java.lang.Object, long)'> (0x00000000feeddf18) 
thrown [s\open\src\hotspot\share\interpreter\linkResolver.cpp, line 774]
Event: 763.992 Thread 0x000001cae3500110 Exception <a 'java/lang/NoSuchMethodError'{0x00000000feee5650}: 'java.lang.Object java.lang.invoke.DirectMethodHandle$Holder.invokeStatic(java.lang.Object, long, java.lang.Object)'> (0x00000000feee5650) 
thrown [s\open\src\hotspot\share\interpreter\linkResolver.cpp, line 774]
Event: 764.006 Thread 0x000001cae3500110 Exception <a 'java/lang/NoSuchMethodError'{0x00000000feee9080}: 'java.lang.Object java.lang.invoke.DirectMethodHandle$Holder.invokeStaticInit(java.lang.Object, long, java.lang.Object)'> (0x00000000feee9080) 
thrown [s\open\src\hotspot\share\interpreter\linkResolver.cpp, line 774]

VM Operations (20 events):
Event: 722.051 Executing VM operation: Cleanup
Event: 722.052 Executing VM operation: Cleanup done
Event: 723.057 Executing VM operation: Cleanup
Event: 723.057 Executing VM operation: Cleanup done
Event: 725.070 Executing VM operation: Cleanup
Event: 725.070 Executing VM operation: Cleanup done
Event: 732.963 Executing VM operation: HandshakeAllThreads
Event: 732.963 Executing VM operation: HandshakeAllThreads done
Event: 732.963 Executing VM operation: Cleanup
Event: 732.963 Executing VM operation: Cleanup done
Event: 740.034 Executing VM operation: Cleanup
Event: 740.034 Executing VM operation: Cleanup done
Event: 764.298 Executing VM operation: HandshakeAllThreads
Event: 764.299 Executing VM operation: HandshakeAllThreads done
Event: 764.316 Executing VM operation: HandshakeAllThreads
Event: 764.316 Executing VM operation: HandshakeAllThreads done
Event: 764.316 Executing VM operation: Cleanup
Event: 764.316 Executing VM operation: Cleanup done
Event: 765.329 Executing VM operation: Cleanup
Event: 765.329 Executing VM operation: Cleanup done

Events (18 events):
Event: 2.608 Thread 0x000001cac3378ef0 Thread added: 0x000001cac3378ef0
Event: 4.183 Thread 0x000001cac342bf80 Thread added: 0x000001cac342bf80
Event: 4.184 Thread 0x000001cac342cd70 Thread added: 0x000001cac342cd70
Event: 4.185 Thread 0x000001cac342db60 Thread added: 0x000001cac342db60
Event: 4.185 Thread 0x000001cac342f6a0 Thread added: 0x000001cac342f6a0
Event: 4.185 Thread 0x000001cac3431fe0 Thread added: 0x000001cac3431fe0
Event: 4.185 Thread 0x000001cac3432910 Thread added: 0x000001cac3432910
Event: 4.185 Thread 0x000001cac3433570 Thread added: 0x000001cac3433570
Event: 4.286 Thread 0x000001cac34375b0 Thread added: 0x000001cac34375b0
Event: 4.339 Thread 0x000001cade8ddf30 Thread added: 0x000001cade8ddf30
Event: 4.383 Thread 0x000001cae2c55770 Thread added: 0x000001cae2c55770
Event: 4.976 Thread 0x000001cae2c62f00 Thread added: 0x000001cae2c62f00
Event: 189.146 Thread 0x000001cae322af40 Thread added: 0x000001cae322af40
Event: 733.414 Thread 0x000001cae3500110 Thread added: 0x000001cae3500110
Event: 764.259 Thread 0x000001cae2c320e0 Thread added: 0x000001cae2c320e0
Event: 764.268 Thread 0x000001cae2cebfd0 Thread added: 0x000001cae2cebfd0
Event: 764.269 Thread 0x000001cae2c320e0 Thread exited: 0x000001cae2c320e0
Event: 824.331 Thread 0x000001cae2cebfd0 Thread exited: 0x000001cae2cebfd0


Dynamic libraries:
0x00007ff747cb0000 - 0x00007ff747cc0000 	D:\full tension not java\bin\java.exe
0x00007ffeea030000 - 0x00007ffeea228000 	C:\WINDOWS\SYSTEM32\ntdll.dll
0x00007ffee9a70000 - 0x00007ffee9b2d000 	C:\WINDOWS\System32\KERNEL32.DLL
0x00007ffee7910000 - 0x00007ffee7c06000 	C:\WINDOWS\System32\KERNELBASE.dll
0x00007ffee7810000 - 0x00007ffee7910000 	C:\WINDOWS\System32\ucrtbase.dll
0x00007ffedf100000 - 0x00007ffedf11b000 	D:\full tension not java\bin\VCRUNTIME140.dll
0x00007ffedf0c0000 - 0x00007ffedf0d8000 	D:\full tension not java\bin\jli.dll
0x00007ffee94a0000 - 0x00007ffee9553000 	C:\WINDOWS\System32\ADVAPI32.dll
0x00007ffee9560000 - 0x00007ffee95fe000 	C:\WINDOWS\System32\msvcrt.dll
0x00007ffee9f20000 - 0x00007ffee9fbf000 	C:\WINDOWS\System32\sechost.dll
0x00007ffee9370000 - 0x00007ffee9496000 	C:\WINDOWS\System32\RPCRT4.dll
0x00007ffee7770000 - 0x00007ffee7797000 	C:\WINDOWS\System32\bcrypt.dll
0x00007ffee9b30000 - 0x00007ffee9cce000 	C:\WINDOWS\System32\USER32.dll
0x00007ffee7da0000 - 0x00007ffee7dc2000 	C:\WINDOWS\System32\win32u.dll
0x00007ffee8960000 - 0x00007ffee898c000 	C:\WINDOWS\System32\GDI32.dll
0x00007ffee7f30000 - 0x00007ffee804a000 	C:\WINDOWS\System32\gdi32full.dll
0x00007ffee76d0000 - 0x00007ffee776d000 	C:\WINDOWS\System32\msvcp_win.dll
0x00007ffedc920000 - 0x00007ffedc92a000 	C:\WINDOWS\SYSTEM32\VERSION.dll
0x00007ffed9f80000 - 0x00007ffeda21a000 	C:\WINDOWS\WinSxS\amd64_microsoft.windows.common-controls_6595b64144ccf1df_6.0.19041.3636_none_60b6a03d71f818d5\COMCTL32.dll
0x00007ffee8930000 - 0x00007ffee8960000 	C:\WINDOWS\System32\IMM32.DLL
0x00007ffee40a0000 - 0x00007ffee40ac000 	D:\full tension not java\bin\vcruntime140_1.dll
0x00007ffeac060000 - 0x00007ffeac0ee000 	D:\full tension not java\bin\msvcp140.dll
0x00007ffe83540000 - 0x00007ffe84200000 	D:\full tension not java\bin\server\jvm.dll
0x00007ffee2520000 - 0x00007ffee2529000 	C:\WINDOWS\SYSTEM32\WSOCK32.dll
0x00007ffee9eb0000 - 0x00007ffee9f1b000 	C:\WINDOWS\System32\WS2_32.dll
0x00007ffed74d0000 - 0x00007ffed74f7000 	C:\WINDOWS\SYSTEM32\WINMM.dll
0x00007ffee52d0000 - 0x00007ffee52e2000 	C:\WINDOWS\SYSTEM32\kernel.appcore.dll
0x00007ffee2510000 - 0x00007ffee251a000 	D:\full tension not java\bin\jimage.dll
0x00007ffec7600000 - 0x00007ffec77e4000 	C:\WINDOWS\SYSTEM32\DBGHELP.DLL
0x00007ffec50f0000 - 0x00007ffec5124000 	C:\WINDOWS\SYSTEM32\dbgcore.DLL
0x00007ffee7d10000 - 0x00007ffee7d92000 	C:\WINDOWS\System32\bcryptPrimitives.dll
0x00007ffedf080000 - 0x00007ffedf0a6000 	D:\full tension not java\bin\java.dll
0x00007ffe91700000 - 0x00007ffe917d7000 	D:\full tension not java\bin\jsvml.dll
0x00007ffee81e0000 - 0x00007ffee8925000 	C:\WINDOWS\System32\SHELL32.dll
0x00007ffee55b0000 - 0x00007ffee5d4b000 	C:\WINDOWS\SYSTEM32\windows.storage.dll
0x00007ffee9010000 - 0x00007ffee9364000 	C:\WINDOWS\System32\combase.dll
0x00007ffee7030000 - 0x00007ffee705d000 	C:\WINDOWS\SYSTEM32\Wldp.dll
0x00007ffee97a0000 - 0x00007ffee984d000 	C:\WINDOWS\System32\SHCORE.dll
0x00007ffee9cd0000 - 0x00007ffee9d25000 	C:\WINDOWS\System32\shlwapi.dll
0x00007ffee7600000 - 0x00007ffee7625000 	C:\WINDOWS\SYSTEM32\profapi.dll
0x00007ffedebd0000 - 0x00007ffedebe3000 	D:\full tension not java\bin\net.dll
0x00007ffee0c00000 - 0x00007ffee0d0a000 	C:\WINDOWS\SYSTEM32\WINHTTP.dll
0x00007ffee6d90000 - 0x00007ffee6dfa000 	C:\WINDOWS\system32\mswsock.dll
0x00007ffedc350000 - 0x00007ffedc366000 	D:\full tension not java\bin\nio.dll
0x00007ffec29a0000 - 0x00007ffec29b8000 	D:\full tension not java\bin\zip.dll
0x00007ffee24e0000 - 0x00007ffee24f0000 	D:\full tension not java\bin\verify.dll
0x00007ffec2150000 - 0x00007ffec2177000 	C:\Users\Rafay\.gradle\native\68d5fa5c4cc2d200863cafc0d521ce42e7d3e7ee720ec0a83991735586a16f82\windows-amd64\native-platform.dll
0x00007ffedf070000 - 0x00007ffedf07a000 	D:\full tension not java\bin\management.dll
0x00007ffedebc0000 - 0x00007ffedebcb000 	D:\full tension not java\bin\management_ext.dll
0x00007ffee8f10000 - 0x00007ffee8f18000 	C:\WINDOWS\System32\PSAPI.DLL
0x00007ffee6f80000 - 0x00007ffee6f98000 	C:\WINDOWS\SYSTEM32\CRYPTSP.dll
0x00007ffee66c0000 - 0x00007ffee66f4000 	C:\WINDOWS\system32\rsaenh.dll
0x00007ffee7570000 - 0x00007ffee759e000 	C:\WINDOWS\SYSTEM32\USERENV.dll
0x00007ffee6fa0000 - 0x00007ffee6fac000 	C:\WINDOWS\SYSTEM32\CRYPTBASE.dll
0x00007ffee6a80000 - 0x00007ffee6abb000 	C:\WINDOWS\SYSTEM32\IPHLPAPI.DLL
0x00007ffee9a00000 - 0x00007ffee9a08000 	C:\WINDOWS\System32\NSI.dll
0x00007ffee2b90000 - 0x00007ffee2ba7000 	C:\WINDOWS\SYSTEM32\dhcpcsvc6.DLL
0x00007ffee27b0000 - 0x00007ffee27cd000 	C:\WINDOWS\SYSTEM32\dhcpcsvc.DLL
0x00007ffee6ac0000 - 0x00007ffee6b8a000 	C:\WINDOWS\SYSTEM32\DNSAPI.dll
0x00007ffedab40000 - 0x00007ffedab48000 	D:\full tension not java\bin\extnet.dll
0x00007ffec97e0000 - 0x00007ffec97ee000 	D:\full tension not java\bin\sunmscapi.dll
0x00007ffee7dd0000 - 0x00007ffee7f2d000 	C:\WINDOWS\System32\CRYPT32.dll
0x00007ffee70a0000 - 0x00007ffee70c8000 	C:\WINDOWS\SYSTEM32\ncrypt.dll
0x00007ffee7060000 - 0x00007ffee709b000 	C:\WINDOWS\SYSTEM32\NTASN1.dll
0x00007ffec2210000 - 0x00007ffec2217000 	C:\WINDOWS\system32\wshunix.dll

dbghelp: loaded successfully - version: 4.0.5 - missing functions: none
symbol engine: initialized successfully - sym options: 0x614 - pdb path: .;D:\full tension not java\bin;C:\WINDOWS\SYSTEM32;C:\WINDOWS\WinSxS\amd64_microsoft.windows.common-controls_6595b64144ccf1df_6.0.19041.3636_none_60b6a03d71f818d5;D:\full tension not java\bin\server;C:\Users\Rafay\.gradle\native\68d5fa5c4cc2d200863cafc0d521ce42e7d3e7ee720ec0a83991735586a16f82\windows-amd64

VM Arguments:
jvm_args: -Xmx64m -Xms64m -Dorg.gradle.appname=gradlew 
java_command: org.gradle.wrapper.GradleWrapperMain tasks
java_class_path (initial): D:\Mobile App Development\re practice mash\firstProject-aurora\android\\gradle\wrapper\gradle-wrapper.jar
Launcher Type: SUN_STANDARD

[Global flags]
     intx CICompilerCount                          = 3                                         {product} {ergonomic}
     uint ConcGCThreads                            = 1                                         {product} {ergonomic}
     uint G1ConcRefinementThreads                  = 4                                         {product} {ergonomic}
   size_t G1HeapRegionSize                         = 1048576                                   {product} {ergonomic}
    uintx GCDrainStackTargetSize                   = 64                                        {product} {ergonomic}
   size_t InitialHeapSize                          = 67108864                                  {product} {command line}
   size_t MarkStackSize                            = 4194304                                   {product} {ergonomic}
   size_t MaxHeapSize                              = 67108864                                  {product} {command line}
   size_t MaxNewSize                               = 39845888                                  {product} {ergonomic}
   size_t MinHeapDeltaBytes                        = 1048576                                   {product} {ergonomic}
   size_t MinHeapSize                              = 67108864                                  {product} {command line}
    uintx NonNMethodCodeHeapSize                   = 5832780                                {pd product} {ergonomic}
    uintx NonProfiledCodeHeapSize                  = 122912730                              {pd product} {ergonomic}
    uintx ProfiledCodeHeapSize                     = 122912730                              {pd product} {ergonomic}
    uintx ReservedCodeCacheSize                    = 251658240                              {pd product} {ergonomic}
     bool SegmentedCodeCache                       = true                                      {product} {ergonomic}
   size_t SoftMaxHeapSize                          = 67108864                               {manageable} {ergonomic}
     bool UseCompressedClassPointers               = true                           {product lp64_product} {ergonomic}
     bool UseCompressedOops                        = true                           {product lp64_product} {ergonomic}
     bool UseG1GC                                  = true                                      {product} {ergonomic}
     bool UseLargePagesIndividualAllocation        = false                                  {pd product} {ergonomic}

Logging:
Log output configuration:
 #0: stdout all=warning uptime,level,tags foldmultilines=false
 #1: stderr all=off uptime,level,tags foldmultilines=false

Environment Variables:
JAVA_HOME=D:\full tension not java
CLASSPATH=D:\Mobile App Development\re practice mash\firstProject-aurora\android\\gradle\wrapper\gradle-wrapper.jar
PATH=D:\Mobile App Development\re practice mash\firstProject-aurora\node_modules\.bin;D:\Mobile App Development\re practice mash\firstProject-aurora\node_modules\.bin;D:\Mobile App Development\re practice mash\node_modules\.bin;D:\Mobile App Development\node_modules\.bin;D:\node_modules\.bin;C:\Users\Rafay\AppData\Roaming\npm\node_modules\npm\node_modules\@npmcli\run-script\lib\node-gyp-bin;D:\Mobile App Development\re practice mash\firstProject-aurora\node_modules\.bin;D:\Mobile App Development\re practice mash\node_modules\.bin;D:\Mobile App Development\node_modules\.bin;D:\node_modules\.bin;C:\Users\Rafay\AppData\Roaming\npm\node_modules\npm\node_modules\@npmcli\run-script\lib\node-gyp-bin;D:\MPI-------\Bin\;C:\Users\Rafay\AppData\Local\Programs\Python\Python39\Scripts\;C:\Users\Rafay\AppData\Local\Programs\Python\Python39\;D:\VM\bin\;C:\Program Files (x86)\Common Files\Intel\Shared Libraries\redist\intel64\compiler;C:\Program Files\Python39\Scripts\;C:\Program Files\Python39\;C:\Program Files\Common Files\Oracle\Java\javapath;C:\ProgramData\Oracle\Java\javapath;C:\WINDOWS\system32;C:\WINDOWS;C:\WINDOWS\System32\Wbem;C:\WINDOWS\System32\WindowsPowerShell\v1.0\;C:\WINDOWS\System32\OpenSSH\;C:\Program Files\Microsoft SQL Server\Client SDK\ODBC\170\Tools\Binn\;C:\Program Files (x86)\Microsoft SQL Server\150\Tools\Binn\;C:\Program Files\Microsoft SQL Server\150\Tools\Binn\;C:\Program Files\Microsoft SQL Server\150\DTS\Binn\;C:\Program Files\Azure Data Studio\bin;C:\Program Files\dotnet\;D:\full tension not java\bin;D:\nodejs\;D:\Git\Git\cmd;D:\Git\Git\mingw64\bin;D:\Git\Git\usr\bin;D:\Android Studio g\platform-tools;D:\Pixel_6a_API_33.avd;D:\Android Studio g;D:\Android Studio g\tools\bin;D:\Android Studio g\tools;C:\Users\Rafay\AppData\Local\Microsoft\WindowsApps;C:\Program Files\JetBrains\IntelliJ IDEA Community Edition 2021.2.3\bin;;C:\msys64\mingw64\bin;C:\Program Files\Azure Data Studio\bin;C:\Users\Rafay\AppData\Local\Programs\Microsoft VS Code\bin;C:\Users\Rafay\AppData\Local\GitHubDesktop\bin;C:\Users\Rafay\AppData\Roaming\npm;C:\Users\Rafay\.dotnet\tools;D:\Android Studio g\platform-tools;D:\Pixel_6a_API_33.avd;D:\Android Studio g\tools;D:\Android Studio g\tools\bin;
USERNAME=Rafay
LANG=en_US.UTF-8
OS=Windows_NT
PROCESSOR_IDENTIFIER=Intel64 Family 6 Model 58 Stepping 9, GenuineIntel
TMP=C:\Users\Rafay\AppData\Local\Temp
TEMP=C:\Users\Rafay\AppData\Local\Temp



---------------  S Y S T E M  ---------------

OS:
 Windows 10 , 64 bit Build 19041 (10.0.19041.3636)
OS uptime: 7 days 19:42 hours

CPU: total 4 (initial active 4) (4 cores per cpu, 1 threads per core) family 6 model 58 stepping 9 microcode 0x21, cx8, cmov, fxsr, mmx, sse, sse2, sse3, ssse3, sse4.1, sse4.2, popcnt, tsc, tscinvbit, avx, aes, erms, clmul, vzeroupper, clflush, rdtscp

Memory: 4k page, system-wide physical 8010M (386M free)
TotalPageFile size 29347M (AvailPageFile size 1823M)
current process WorkingSet (physical memory assigned to process): 58M, peak: 75M
current process commit charge ("private bytes"): 153M, peak: 158M

vm_info: Java HotSpot(TM) 64-Bit Server VM (19.0.1+10-21) for windows-amd64 JRE (19.0.1+10-21), built on 2022-09-14T12:45:06Z by "mach5one" with MS VC++ 17.1 (VS2022)

END.
